{"duration":449,"level":"info","message":"db-query","rows":26,"text":"SELECT * FROM location_types","timestamp":"2025-11-18T10:17:34.176Z"}
{"level":"info","message":"GET /api/location-types 200 455.247 ms","timestamp":"2025-11-18T10:17:34.183Z"}
{"duration":465,"level":"info","message":"db-query","rows":26,"text":"SELECT * FROM location_types","timestamp":"2025-11-18T10:17:34.185Z"}
{"level":"info","message":"GET /api/location-types 200 468.309 ms","timestamp":"2025-11-18T10:17:34.186Z"}
{"duration":74,"level":"info","message":"db-query","rows":5,"text":"\n    SELECT id,\n           TO_CHAR(start_date, 'DD-MM-YYYY') AS start_date,\n           TO_CHAR(end_date, 'DD-MM-YYYY') AS end_date,\n           operator,\n           amount,\n           fix_fare,\n           mileage\n    FROM fare_increments\n    ORDER BY id DESC;\n  ","timestamp":"2025-11-18T10:54:18.782Z"}
{"level":"info","message":"GET /api/fareincrement/get 200 75.439 ms","timestamp":"2025-11-18T10:54:18.784Z"}
{"duration":78,"level":"info","message":"db-query","rows":1,"text":"\n    SELECT COUNT(*) AS total\n    FROM zones z\n    ;\n  ","timestamp":"2025-11-18T11:16:05.921Z"}
{"duration":73,"level":"info","message":"db-query","rows":26,"text":"SELECT * FROM location_types","timestamp":"2025-11-18T11:16:05.927Z"}
{"level":"info","message":"GET /api/location-types 200 76.855 ms","timestamp":"2025-11-18T11:16:05.931Z"}
{"duration":13,"level":"info","message":"db-query","rows":8,"text":"\n    SELECT \n      z.id,\n      z.name,\n      z.secondary_name,\n      z.type,\n      z.category,\n      z.vertices,\n      z.base,\n      z.overlay,\n      z.created_at,\n      z.updated_at\n    FROM zones z\n    \n    ORDER BY z.id ASC\n    LIMIT $1 OFFSET $2;\n  ","timestamp":"2025-11-18T11:16:05.935Z"}
{"level":"info","message":"GET /api/zones/get 200 94.388 ms","timestamp":"2025-11-18T11:16:05.937Z"}
{"duration":86,"level":"info","message":"db-query","rows":1,"text":"\n    SELECT COUNT(*) AS total\n    FROM zones z\n    ;\n  ","timestamp":"2025-11-18T11:16:05.941Z"}
{"duration":5,"level":"info","message":"db-query","rows":8,"text":"\n    SELECT \n      z.id,\n      z.name,\n      z.secondary_name,\n      z.type,\n      z.category,\n      z.vertices,\n      z.base,\n      z.overlay,\n      z.created_at,\n      z.updated_at\n    FROM zones z\n    \n    ORDER BY z.id ASC\n    LIMIT $1 OFFSET $2;\n  ","timestamp":"2025-11-18T11:16:05.946Z"}
{"level":"info","message":"GET /api/zones/get 200 95.799 ms","timestamp":"2025-11-18T11:16:05.951Z"}
{"level":"info","message":"GET /api/locationtype/zone 200 109.266 ms","timestamp":"2025-11-18T11:16:05.955Z"}
{"duration":66,"level":"info","message":"db-query","rows":26,"text":"SELECT * FROM location_types","timestamp":"2025-11-18T11:17:33.087Z"}
{"level":"info","message":"GET /api/location-types 200 67.379 ms","timestamp":"2025-11-18T11:17:33.089Z"}
{"duration":78,"level":"info","message":"db-query","rows":1,"text":"\n    SELECT COUNT(*) AS total\n    FROM zones z\n    ;\n  ","timestamp":"2025-11-18T11:24:02.316Z"}
{"duration":2,"level":"info","message":"db-query","rows":8,"text":"\n    SELECT \n      z.id,\n      z.name,\n      z.secondary_name,\n      z.type,\n      z.category,\n      z.vertices,\n      z.base,\n      z.overlay,\n      z.created_at,\n      z.updated_at\n    FROM zones z\n    \n    ORDER BY z.id ASC\n    LIMIT $1 OFFSET $2;\n  ","timestamp":"2025-11-18T11:24:02.319Z"}
{"level":"info","message":"GET /api/zones/get 200 82.077 ms","timestamp":"2025-11-18T11:24:02.320Z"}
{"duration":88,"level":"info","message":"db-query","rows":26,"text":"SELECT * FROM location_types","timestamp":"2025-11-18T11:24:02.330Z"}
{"level":"info","message":"GET /api/location-types 200 88.267 ms","timestamp":"2025-11-18T11:24:02.331Z"}
{"duration":85,"level":"info","message":"db-query","rows":1,"text":"\n    SELECT COUNT(*) AS total\n    FROM zones z\n    ;\n  ","timestamp":"2025-11-18T11:24:02.332Z"}
{"duration":2,"level":"info","message":"db-query","rows":8,"text":"\n    SELECT \n      z.id,\n      z.name,\n      z.secondary_name,\n      z.type,\n      z.category,\n      z.vertices,\n      z.base,\n      z.overlay,\n      z.created_at,\n      z.updated_at\n    FROM zones z\n    \n    ORDER BY z.id ASC\n    LIMIT $1 OFFSET $2;\n  ","timestamp":"2025-11-18T11:24:02.334Z"}
{"level":"info","message":"GET /api/zones/get 200 89.244 ms","timestamp":"2025-11-18T11:24:02.336Z"}
{"level":"info","message":"GET /api/locationtype/zone 200 106.952 ms","timestamp":"2025-11-18T11:24:02.338Z"}
{"duration":67,"level":"info","message":"db-query","rows":5,"text":"\n    SELECT id,\n           TO_CHAR(start_date, 'DD-MM-YYYY') AS start_date,\n           TO_CHAR(end_date, 'DD-MM-YYYY') AS end_date,\n           operator,\n           amount,\n           fix_fare,\n           mileage\n    FROM fare_increments\n    ORDER BY id DESC;\n  ","timestamp":"2025-11-18T11:25:18.003Z"}
{"level":"info","message":"GET /api/fareincrement/get 200 68.759 ms","timestamp":"2025-11-18T11:25:18.004Z"}
{"duration":9,"level":"info","message":"db-query","rows":26,"text":"SELECT * FROM location_types","timestamp":"2025-11-18T11:54:15.662Z"}
{"level":"info","message":"GET /api/location-types 200 67.194 ms","timestamp":"2025-11-18T11:54:15.735Z"}
{"duration":121,"level":"info","message":"db-query","rows":26,"text":"SELECT * FROM location_types","timestamp":"2025-11-18T11:54:15.776Z"}
{"level":"info","message":"GET /api/location-types 200 121.752 ms","timestamp":"2025-11-18T11:54:15.777Z"}
{"duration":10,"level":"info","message":"db-query","rows":26,"text":"SELECT * FROM location_types","timestamp":"2025-11-18T11:54:33.589Z"}
{"level":"info","message":"GET /api/location-types 200 21.063 ms","timestamp":"2025-11-18T11:54:33.599Z"}
{"duration":155,"level":"info","message":"db-query","rows":26,"text":"SELECT * FROM location_types","timestamp":"2025-11-18T11:54:33.739Z"}
{"level":"info","message":"GET /api/location-types 200 156.838 ms","timestamp":"2025-11-18T11:54:33.740Z"}
{"duration":7,"level":"info","message":"db-query","rows":26,"text":"SELECT * FROM location_types","timestamp":"2025-11-18T11:55:01.669Z"}
{"level":"info","message":"GET /api/location-types 200 14.066 ms","timestamp":"2025-11-18T11:55:01.676Z"}
{"duration":69,"level":"info","message":"db-query","rows":26,"text":"SELECT * FROM location_types","timestamp":"2025-11-18T11:55:01.733Z"}
{"level":"info","message":"GET /api/location-types 200 71.345 ms","timestamp":"2025-11-18T11:55:01.735Z"}
{"duration":11,"level":"info","message":"db-query","rows":26,"text":"SELECT * FROM location_types","timestamp":"2025-11-18T11:55:22.728Z"}
{"level":"info","message":"GET /api/location-types 200 33.787 ms","timestamp":"2025-11-18T11:55:22.746Z"}
{"duration":88,"level":"info","message":"db-query","rows":26,"text":"SELECT * FROM location_types","timestamp":"2025-11-18T11:55:22.806Z"}
{"level":"info","message":"GET /api/location-types 200 89.432 ms","timestamp":"2025-11-18T11:55:22.807Z"}
{"duration":10,"level":"info","message":"db-query","rows":26,"text":"SELECT * FROM location_types","timestamp":"2025-11-18T11:55:29.371Z"}
{"level":"info","message":"GET /api/location-types 200 18.379 ms","timestamp":"2025-11-18T11:55:29.378Z"}
{"duration":83,"level":"info","message":"db-query","rows":26,"text":"SELECT * FROM location_types","timestamp":"2025-11-18T11:55:29.449Z"}
{"level":"info","message":"GET /api/location-types 200 91.879 ms","timestamp":"2025-11-18T11:55:29.457Z"}
{"duration":5,"level":"info","message":"db-query","rows":26,"text":"SELECT * FROM location_types","timestamp":"2025-11-18T11:55:43.741Z"}
{"level":"info","message":"GET /api/location-types 200 11.569 ms","timestamp":"2025-11-18T11:55:43.749Z"}
{"duration":55,"level":"info","message":"db-query","rows":26,"text":"SELECT * FROM location_types","timestamp":"2025-11-18T11:55:43.793Z"}
{"level":"info","message":"GET /api/location-types 200 56.987 ms","timestamp":"2025-11-18T11:55:43.795Z"}
{"duration":9,"level":"info","message":"db-query","rows":26,"text":"SELECT * FROM location_types","timestamp":"2025-11-18T11:55:48.774Z"}
{"level":"info","message":"GET /api/location-types 200 17.514 ms","timestamp":"2025-11-18T11:55:48.781Z"}
{"duration":102,"level":"info","message":"db-query","rows":26,"text":"SELECT * FROM location_types","timestamp":"2025-11-18T11:55:48.872Z"}
{"level":"info","message":"GET /api/location-types 200 104.160 ms","timestamp":"2025-11-18T11:55:48.874Z"}
{"duration":9,"level":"info","message":"db-query","rows":26,"text":"SELECT * FROM location_types","timestamp":"2025-11-18T11:56:03.774Z"}
{"level":"info","message":"GET /api/location-types 200 20.669 ms","timestamp":"2025-11-18T11:56:03.785Z"}
{"duration":180,"level":"info","message":"db-query","rows":26,"text":"SELECT * FROM location_types","timestamp":"2025-11-18T11:56:03.948Z"}
{"level":"info","message":"GET /api/location-types 200 181.247 ms","timestamp":"2025-11-18T11:56:03.949Z"}
{"duration":9,"level":"info","message":"db-query","rows":26,"text":"SELECT * FROM location_types","timestamp":"2025-11-18T11:56:07.696Z"}
{"level":"info","message":"GET /api/location-types 200 21.129 ms","timestamp":"2025-11-18T11:56:07.709Z"}
{"duration":82,"level":"info","message":"db-query","rows":26,"text":"SELECT * FROM location_types","timestamp":"2025-11-18T11:56:07.773Z"}
{"level":"info","message":"GET /api/location-types 200 97.646 ms","timestamp":"2025-11-18T11:56:07.788Z"}
{"duration":5,"level":"info","message":"db-query","rows":26,"text":"SELECT * FROM location_types","timestamp":"2025-11-18T11:56:21.079Z"}
{"level":"info","message":"GET /api/location-types 200 11.334 ms","timestamp":"2025-11-18T11:56:21.087Z"}
{"duration":60,"level":"info","message":"db-query","rows":26,"text":"SELECT * FROM location_types","timestamp":"2025-11-18T11:56:21.136Z"}
{"level":"info","message":"GET /api/location-types 200 61.909 ms","timestamp":"2025-11-18T11:56:21.138Z"}
{"duration":5,"level":"info","message":"db-query","rows":26,"text":"SELECT * FROM location_types","timestamp":"2025-11-18T11:56:23.859Z"}
{"level":"info","message":"GET /api/location-types 200 13.214 ms","timestamp":"2025-11-18T11:56:23.868Z"}
{"duration":59,"level":"info","message":"db-query","rows":26,"text":"SELECT * FROM location_types","timestamp":"2025-11-18T11:56:23.915Z"}
{"level":"info","message":"GET /api/location-types 200 60.984 ms","timestamp":"2025-11-18T11:56:23.916Z"}
{"duration":15,"level":"info","message":"db-query","rows":26,"text":"SELECT * FROM location_types","timestamp":"2025-11-18T11:56:34.534Z"}
{"level":"info","message":"GET /api/location-types 200 27.052 ms","timestamp":"2025-11-18T11:56:34.545Z"}
{"duration":65,"level":"info","message":"db-query","rows":26,"text":"SELECT * FROM location_types","timestamp":"2025-11-18T11:56:34.589Z"}
{"level":"info","message":"GET /api/location-types 200 66.855 ms","timestamp":"2025-11-18T11:56:34.591Z"}
{"duration":5,"level":"info","message":"db-query","rows":26,"text":"SELECT * FROM location_types","timestamp":"2025-11-18T11:57:21.932Z"}
{"level":"info","message":"GET /api/location-types 200 11.294 ms","timestamp":"2025-11-18T11:57:21.938Z"}
{"duration":58,"level":"info","message":"db-query","rows":26,"text":"SELECT * FROM location_types","timestamp":"2025-11-18T11:57:21.986Z"}
{"level":"info","message":"GET /api/location-types 200 59.841 ms","timestamp":"2025-11-18T11:57:21.988Z"}
{"duration":5,"level":"info","message":"db-query","rows":26,"text":"SELECT * FROM location_types","timestamp":"2025-11-18T11:57:50.509Z"}
{"level":"info","message":"GET /api/location-types 200 14.538 ms","timestamp":"2025-11-18T11:57:50.519Z"}
{"duration":72,"level":"info","message":"db-query","rows":26,"text":"SELECT * FROM location_types","timestamp":"2025-11-18T11:57:50.577Z"}
{"level":"info","message":"GET /api/location-types 200 73.359 ms","timestamp":"2025-11-18T11:57:50.579Z"}
{"duration":9,"level":"info","message":"db-query","rows":26,"text":"SELECT * FROM location_types","timestamp":"2025-11-18T11:58:07.527Z"}
{"level":"info","message":"GET /api/location-types 200 20.260 ms","timestamp":"2025-11-18T11:58:07.537Z"}
{"duration":62,"level":"info","message":"db-query","rows":26,"text":"SELECT * FROM location_types","timestamp":"2025-11-18T11:58:07.584Z"}
{"level":"info","message":"GET /api/location-types 200 64.630 ms","timestamp":"2025-11-18T11:58:07.586Z"}
{"duration":12,"level":"info","message":"db-query","rows":26,"text":"SELECT * FROM location_types","timestamp":"2025-11-18T11:58:16.923Z"}
{"level":"info","message":"GET /api/location-types 200 25.086 ms","timestamp":"2025-11-18T11:58:16.935Z"}
{"duration":85,"level":"info","message":"db-query","rows":26,"text":"SELECT * FROM location_types","timestamp":"2025-11-18T11:58:17.002Z"}
{"level":"info","message":"GET /api/location-types 200 86.225 ms","timestamp":"2025-11-18T11:58:17.003Z"}
{"duration":9,"level":"info","message":"db-query","rows":26,"text":"SELECT * FROM location_types","timestamp":"2025-11-18T11:58:27.457Z"}
{"level":"info","message":"GET /api/location-types 200 19.997 ms","timestamp":"2025-11-18T11:58:27.472Z"}
{"duration":66,"level":"info","message":"db-query","rows":26,"text":"SELECT * FROM location_types","timestamp":"2025-11-18T11:58:27.519Z"}
{"level":"info","message":"GET /api/location-types 200 67.597 ms","timestamp":"2025-11-18T11:58:27.521Z"}
{"duration":5,"level":"info","message":"db-query","rows":26,"text":"SELECT * FROM location_types","timestamp":"2025-11-18T11:58:33.479Z"}
{"level":"info","message":"GET /api/location-types 200 11.803 ms","timestamp":"2025-11-18T11:58:33.487Z"}
{"duration":54,"level":"info","message":"db-query","rows":26,"text":"SELECT * FROM location_types","timestamp":"2025-11-18T11:58:33.530Z"}
{"level":"info","message":"GET /api/location-types 200 56.042 ms","timestamp":"2025-11-18T11:58:33.532Z"}
{"duration":5,"level":"info","message":"db-query","rows":26,"text":"SELECT * FROM location_types","timestamp":"2025-11-18T11:58:36.610Z"}
{"level":"info","message":"GET /api/location-types 200 11.158 ms","timestamp":"2025-11-18T11:58:36.617Z"}
{"duration":57,"level":"info","message":"db-query","rows":26,"text":"SELECT * FROM location_types","timestamp":"2025-11-18T11:58:36.663Z"}
{"level":"info","message":"GET /api/location-types 200 58.941 ms","timestamp":"2025-11-18T11:58:36.665Z"}
{"duration":99,"level":"info","message":"db-query","rows":1,"text":"\n      INSERT INTO surcharges (\n        surcharges_type, condition, postcode, operator, fare, parking_charges,\n        extra_drop_charges, congestion_charges, duration, from_date, from_time,\n        to_date, to_time, active, day\n      )\n      VALUES ($1,$2,$3,$4,$5,$6,$7,$8,$9,$10,$11,$12,$13,$14,$15)\n      RETURNING *;\n    ","timestamp":"2025-11-18T12:20:39.391Z"}
{"level":"info","message":"POST /api/surcharges/add 200 117.843 ms","timestamp":"2025-11-18T12:20:39.409Z"}
{"duration":5,"level":"info","message":"db-query","rows":26,"text":"SELECT * FROM location_types","timestamp":"2025-11-18T12:23:30.476Z"}
{"level":"info","message":"GET /api/location-types 200 14.156 ms","timestamp":"2025-11-18T12:23:30.485Z"}
{"duration":57,"level":"info","message":"db-query","rows":26,"text":"SELECT * FROM location_types","timestamp":"2025-11-18T12:23:30.529Z"}
{"level":"info","message":"GET /api/location-types 200 58.253 ms","timestamp":"2025-11-18T12:23:30.531Z"}
{"duration":6,"level":"info","message":"db-query","rows":26,"text":"SELECT * FROM location_types","timestamp":"2025-11-18T12:23:32.737Z"}
{"level":"info","message":"GET /api/location-types 200 12.858 ms","timestamp":"2025-11-18T12:23:32.744Z"}
{"duration":69,"level":"info","message":"db-query","rows":26,"text":"SELECT * FROM location_types","timestamp":"2025-11-18T12:23:32.803Z"}
{"level":"info","message":"GET /api/location-types 200 70.533 ms","timestamp":"2025-11-18T12:23:32.804Z"}
{"duration":10,"level":"info","message":"db-query","rows":26,"text":"SELECT * FROM location_types","timestamp":"2025-11-18T12:23:43.768Z"}
{"level":"info","message":"GET /api/location-types 200 21.410 ms","timestamp":"2025-11-18T12:23:43.782Z"}
{"duration":63,"level":"info","message":"db-query","rows":26,"text":"SELECT * FROM location_types","timestamp":"2025-11-18T12:23:43.824Z"}
{"level":"info","message":"GET /api/location-types 200 64.784 ms","timestamp":"2025-11-18T12:23:43.826Z"}
{"duration":5,"level":"info","message":"db-query","rows":26,"text":"SELECT * FROM location_types","timestamp":"2025-11-18T12:23:45.889Z"}
{"level":"info","message":"GET /api/location-types 200 10.760 ms","timestamp":"2025-11-18T12:23:45.895Z"}
{"duration":57,"level":"info","message":"db-query","rows":26,"text":"SELECT * FROM location_types","timestamp":"2025-11-18T12:23:45.943Z"}
{"level":"info","message":"GET /api/location-types 200 58.464 ms","timestamp":"2025-11-18T12:23:45.944Z"}
{"duration":11,"level":"info","message":"db-query","rows":26,"text":"SELECT * FROM location_types","timestamp":"2025-11-18T12:23:48.469Z"}
{"level":"info","message":"GET /api/location-types 200 21.586 ms","timestamp":"2025-11-18T12:23:48.479Z"}
{"duration":84,"level":"info","message":"db-query","rows":26,"text":"SELECT * FROM location_types","timestamp":"2025-11-18T12:23:48.546Z"}
{"level":"info","message":"GET /api/location-types 200 84.889 ms","timestamp":"2025-11-18T12:23:48.548Z"}
{"duration":18,"level":"info","message":"db-query","rows":26,"text":"SELECT * FROM location_types","timestamp":"2025-11-18T12:24:03.106Z"}
{"level":"info","message":"GET /api/location-types 200 32.002 ms","timestamp":"2025-11-18T12:24:03.119Z"}
{"duration":96,"level":"info","message":"db-query","rows":26,"text":"SELECT * FROM location_types","timestamp":"2025-11-18T12:24:03.190Z"}
{"level":"info","message":"GET /api/location-types 200 98.410 ms","timestamp":"2025-11-18T12:24:03.193Z"}
{"duration":7,"level":"info","message":"db-query","rows":26,"text":"SELECT * FROM location_types","timestamp":"2025-11-18T12:24:11.201Z"}
{"level":"info","message":"GET /api/location-types 200 14.922 ms","timestamp":"2025-11-18T12:24:11.208Z"}
{"level":"info","message":"POST /api/surcharges/add 500 10.584 ms","timestamp":"2025-11-18T12:24:11.296Z"}
{"duration":111,"level":"info","message":"db-query","rows":26,"text":"SELECT * FROM location_types","timestamp":"2025-11-18T12:24:11.309Z"}
{"level":"info","message":"GET /api/location-types 200 113.491 ms","timestamp":"2025-11-18T12:24:11.310Z"}
{"duration":5,"level":"info","message":"db-query","rows":26,"text":"SELECT * FROM location_types","timestamp":"2025-11-18T12:24:39.909Z"}
{"level":"info","message":"GET /api/location-types 200 11.338 ms","timestamp":"2025-11-18T12:24:39.916Z"}
{"duration":60,"level":"info","message":"db-query","rows":26,"text":"SELECT * FROM location_types","timestamp":"2025-11-18T12:24:39.966Z"}
{"level":"info","message":"GET /api/location-types 200 61.946 ms","timestamp":"2025-11-18T12:24:39.968Z"}
{"duration":14,"level":"info","message":"db-query","rows":26,"text":"SELECT * FROM location_types","timestamp":"2025-11-18T12:24:55.534Z"}
{"level":"info","message":"GET /api/location-types 200 22.458 ms","timestamp":"2025-11-18T12:24:55.542Z"}
{"duration":71,"level":"info","message":"db-query","rows":26,"text":"SELECT * FROM location_types","timestamp":"2025-11-18T12:24:55.600Z"}
{"level":"info","message":"GET /api/location-types 200 72.882 ms","timestamp":"2025-11-18T12:24:55.602Z"}
{"duration":8,"level":"info","message":"db-query","rows":26,"text":"SELECT * FROM location_types","timestamp":"2025-11-18T12:24:57.846Z"}
{"level":"info","message":"GET /api/location-types 200 19.065 ms","timestamp":"2025-11-18T12:24:57.857Z"}
{"duration":65,"level":"info","message":"db-query","rows":26,"text":"SELECT * FROM location_types","timestamp":"2025-11-18T12:24:57.906Z"}
{"level":"info","message":"GET /api/location-types 200 66.510 ms","timestamp":"2025-11-18T12:24:57.907Z"}
{"duration":8,"level":"info","message":"db-query","rows":1,"text":"\n      INSERT INTO surcharges (\n        surcharges_type, condition, postcode, operator, fare, parking_charges,\n        extra_drop_charges, congestion_charges, duration, from_date, from_time,\n        to_date, to_time, active, day\n      )\n      VALUES ($1,$2,$3,$4,$5,$6,$7,$8,$9,$10,$11,$12,$13,$14,$15)\n      RETURNING id,\n      TO_CHAR(from_date, 'DD-MM-YYYY') AS from_date,\n              TO_CHAR(to_date, 'DD-MM-YYYY') AS to_date, surcharges_type, condition, postcode, operator, fare, parking_charges,\n        extra_drop_charges, congestion_charges, duration, to_time, active, day;\n    ","timestamp":"2025-11-18T12:24:59.981Z"}
{"level":"info","message":"POST /api/surcharges/add 200 17.506 ms","timestamp":"2025-11-18T12:24:59.988Z"}
{"duration":3,"level":"info","message":"db-query","rows":26,"text":"SELECT * FROM location_types","timestamp":"2025-11-18T12:25:00.387Z"}
{"level":"info","message":"GET /api/location-types 200 4.496 ms","timestamp":"2025-11-18T12:25:00.389Z"}
{"duration":66,"level":"info","message":"db-query","rows":26,"text":"SELECT * FROM location_types","timestamp":"2025-11-18T12:25:00.453Z"}
{"level":"info","message":"GET /api/location-types 200 67.369 ms","timestamp":"2025-11-18T12:25:00.454Z"}
{"duration":9,"level":"info","message":"db-query","rows":1,"text":"\n      INSERT INTO surcharges (\n        surcharges_type, condition, postcode, operator, fare, parking_charges,\n        extra_drop_charges, congestion_charges, duration, from_date, from_time,\n        to_date, to_time, active, day\n      )\n      VALUES ($1,$2,$3,$4,$5,$6,$7,$8,$9,$10,$11,$12,$13,$14,$15)\n      RETURNING id,\n      TO_CHAR(from_date, 'DD-MM-YYYY') AS from_date,\n              TO_CHAR(to_date, 'DD-MM-YYYY') AS to_date, surcharges_type, condition, postcode, operator, fare, parking_charges,\n        extra_drop_charges, congestion_charges, duration,from_time, to_time, active, day;\n    ","timestamp":"2025-11-18T12:27:06.917Z"}
{"level":"info","message":"POST /api/surcharges/add 200 15.709 ms","timestamp":"2025-11-18T12:27:06.923Z"}
{"duration":3,"level":"info","message":"db-query","rows":26,"text":"SELECT * FROM location_types","timestamp":"2025-11-18T12:27:06.954Z"}
{"level":"info","message":"GET /api/location-types 200 5.310 ms","timestamp":"2025-11-18T12:27:06.956Z"}
{"duration":67,"level":"info","message":"db-query","rows":26,"text":"SELECT * FROM location_types","timestamp":"2025-11-18T12:27:07.019Z"}
{"level":"info","message":"GET /api/location-types 200 67.984 ms","timestamp":"2025-11-18T12:27:07.020Z"}
{"duration":7,"level":"info","message":"db-query","rows":26,"text":"SELECT * FROM location_types","timestamp":"2025-11-18T12:27:38.014Z"}
{"level":"info","message":"GET /api/location-types 200 17.231 ms","timestamp":"2025-11-18T12:27:38.023Z"}
{"duration":62,"level":"info","message":"db-query","rows":26,"text":"SELECT * FROM location_types","timestamp":"2025-11-18T12:27:38.072Z"}
{"level":"info","message":"GET /api/location-types 200 64.334 ms","timestamp":"2025-11-18T12:27:38.074Z"}
{"duration":11,"level":"info","message":"db-query","rows":26,"text":"SELECT * FROM location_types","timestamp":"2025-11-18T12:27:44.911Z"}
{"level":"info","message":"GET /api/location-types 200 24.291 ms","timestamp":"2025-11-18T12:27:44.922Z"}
{"duration":71,"level":"info","message":"db-query","rows":26,"text":"SELECT * FROM location_types","timestamp":"2025-11-18T12:27:44.977Z"}
{"level":"info","message":"GET /api/location-types 200 73.313 ms","timestamp":"2025-11-18T12:27:44.978Z"}
{"duration":9,"level":"info","message":"db-query","rows":26,"text":"SELECT * FROM location_types","timestamp":"2025-11-18T12:27:49.437Z"}
{"level":"info","message":"GET /api/location-types 200 16.164 ms","timestamp":"2025-11-18T12:27:49.443Z"}
{"duration":69,"level":"info","message":"db-query","rows":26,"text":"SELECT * FROM location_types","timestamp":"2025-11-18T12:27:49.503Z"}
{"level":"info","message":"GET /api/location-types 200 70.397 ms","timestamp":"2025-11-18T12:27:49.504Z"}
{"duration":11,"level":"info","message":"db-query","rows":26,"text":"SELECT * FROM location_types","timestamp":"2025-11-18T12:27:56.953Z"}
{"level":"info","message":"GET /api/location-types 200 25.087 ms","timestamp":"2025-11-18T12:27:56.968Z"}
{"duration":94,"level":"info","message":"db-query","rows":26,"text":"SELECT * FROM location_types","timestamp":"2025-11-18T12:27:57.039Z"}
{"level":"info","message":"GET /api/location-types 200 95.467 ms","timestamp":"2025-11-18T12:27:57.041Z"}
{"duration":5,"level":"info","message":"db-query","rows":26,"text":"SELECT * FROM location_types","timestamp":"2025-11-18T12:28:00.793Z"}
{"level":"info","message":"GET /api/location-types 200 11.885 ms","timestamp":"2025-11-18T12:28:00.800Z"}
{"duration":65,"level":"info","message":"db-query","rows":26,"text":"SELECT * FROM location_types","timestamp":"2025-11-18T12:28:00.854Z"}
{"level":"info","message":"GET /api/location-types 200 66.295 ms","timestamp":"2025-11-18T12:28:00.855Z"}
{"duration":7,"level":"info","message":"db-query","rows":26,"text":"SELECT * FROM location_types","timestamp":"2025-11-18T12:28:07.401Z"}
{"level":"info","message":"GET /api/location-types 200 14.695 ms","timestamp":"2025-11-18T12:28:07.409Z"}
{"duration":73,"level":"info","message":"db-query","rows":26,"text":"SELECT * FROM location_types","timestamp":"2025-11-18T12:28:07.469Z"}
{"level":"info","message":"GET /api/location-types 200 74.762 ms","timestamp":"2025-11-18T12:28:07.471Z"}
{"level":"info","message":"POST /api/surcharges/get 404 2.121 ms","timestamp":"2025-11-18T12:28:44.111Z"}
{"duration":62,"level":"info","message":"db-query","rows":3,"text":"SELECT * FROM surcharges ORDER BY id ASC;","timestamp":"2025-11-18T12:28:49.821Z"}
{"level":"info","message":"GET /api/surcharges/get 200 64.338 ms","timestamp":"2025-11-18T12:28:49.824Z"}
{"duration":4,"level":"info","message":"db-query","rows":26,"text":"SELECT * FROM location_types","timestamp":"2025-11-18T12:29:58.379Z"}
{"level":"info","message":"GET /api/location-types 200 11.247 ms","timestamp":"2025-11-18T12:29:58.386Z"}
{"duration":58,"level":"info","message":"db-query","rows":26,"text":"SELECT * FROM location_types","timestamp":"2025-11-18T12:29:58.434Z"}
{"level":"info","message":"GET /api/location-types 200 60.383 ms","timestamp":"2025-11-18T12:29:58.437Z"}
{"duration":9,"level":"info","message":"db-query","rows":26,"text":"SELECT * FROM location_types","timestamp":"2025-11-18T12:30:04.237Z"}
{"level":"info","message":"GET /api/location-types 200 16.617 ms","timestamp":"2025-11-18T12:30:04.246Z"}
{"duration":1,"level":"info","message":"db-query","rows":26,"text":"SELECT * FROM location_types","timestamp":"2025-11-18T12:30:04.256Z"}
{"level":"info","message":"GET /api/location-types 200 2.331 ms","timestamp":"2025-11-18T12:30:04.258Z"}
{"duration":10,"level":"info","message":"db-query","rows":26,"text":"SELECT * FROM location_types","timestamp":"2025-11-18T12:30:41.223Z"}
{"level":"info","message":"GET /api/location-types 200 21.704 ms","timestamp":"2025-11-18T12:30:41.235Z"}
{"duration":91,"level":"info","message":"db-query","rows":26,"text":"SELECT * FROM location_types","timestamp":"2025-11-18T12:30:41.308Z"}
{"level":"info","message":"GET /api/location-types 200 92.166 ms","timestamp":"2025-11-18T12:30:41.309Z"}
{"duration":9,"level":"info","message":"db-query","rows":26,"text":"SELECT * FROM location_types","timestamp":"2025-11-18T12:31:04.102Z"}
{"level":"info","message":"GET /api/location-types 200 19.687 ms","timestamp":"2025-11-18T12:31:04.111Z"}
{"duration":74,"level":"info","message":"db-query","rows":26,"text":"SELECT * FROM location_types","timestamp":"2025-11-18T12:31:04.170Z"}
{"level":"info","message":"GET /api/location-types 200 76.158 ms","timestamp":"2025-11-18T12:31:04.172Z"}
{"duration":30,"level":"info","message":"db-query","rows":26,"text":"SELECT * FROM location_types","timestamp":"2025-11-18T12:31:08.371Z"}
{"level":"info","message":"GET /api/location-types 200 53.745 ms","timestamp":"2025-11-18T12:31:08.393Z"}
{"duration":186,"level":"info","message":"db-query","rows":26,"text":"SELECT * FROM location_types","timestamp":"2025-11-18T12:31:08.548Z"}
{"level":"info","message":"GET /api/location-types 200 187.679 ms","timestamp":"2025-11-18T12:31:08.550Z"}
{"duration":13,"level":"info","message":"db-query","rows":26,"text":"SELECT * FROM location_types","timestamp":"2025-11-18T12:31:10.894Z"}
{"level":"info","message":"GET /api/location-types 200 30.118 ms","timestamp":"2025-11-18T12:31:10.907Z"}
{"duration":93,"level":"info","message":"db-query","rows":26,"text":"SELECT * FROM location_types","timestamp":"2025-11-18T12:31:10.979Z"}
{"level":"info","message":"GET /api/location-types 200 94.259 ms","timestamp":"2025-11-18T12:31:10.981Z"}
{"duration":73,"level":"info","message":"db-query","rows":3,"text":"SELECT id,\n                TO_CHAR(from_date, 'DD-MM-YYYY') AS from_date,\n                TO_CHAR(to_date, 'DD-MM-YYYY') AS to_date,\n                surcharges_type, condition, postcode, operator, fare, parking_charges,\n                extra_drop_charges, congestion_charges, duration,from_time, to_time, active, day, created_at, updated_at FROM surcharges ORDER BY id ASC;","timestamp":"2025-11-18T12:31:16.012Z"}
{"level":"info","message":"GET /api/surcharges/get 200 81.190 ms","timestamp":"2025-11-18T12:31:16.020Z"}
{"duration":3,"level":"info","message":"db-query","rows":26,"text":"SELECT * FROM location_types","timestamp":"2025-11-18T12:31:16.405Z"}
{"level":"info","message":"GET /api/location-types 200 6.872 ms","timestamp":"2025-11-18T12:31:16.409Z"}
{"duration":7,"level":"info","message":"db-query","rows":26,"text":"SELECT * FROM location_types","timestamp":"2025-11-18T12:31:16.411Z"}
{"level":"info","message":"GET /api/location-types 200 8.991 ms","timestamp":"2025-11-18T12:31:16.413Z"}
{"duration":19,"level":"info","message":"db-query","rows":26,"text":"SELECT * FROM location_types","timestamp":"2025-11-18T12:31:30.500Z"}
{"level":"info","message":"GET /api/location-types 200 30.729 ms","timestamp":"2025-11-18T12:31:30.511Z"}
{"duration":84,"level":"info","message":"db-query","rows":26,"text":"SELECT * FROM location_types","timestamp":"2025-11-18T12:31:30.571Z"}
{"level":"info","message":"GET /api/location-types 200 85.638 ms","timestamp":"2025-11-18T12:31:30.573Z"}
{"duration":100,"level":"info","message":"db-query","rows":1,"text":"\n    SELECT COUNT(*) AS total\n    FROM zones z\n    ;\n  ","timestamp":"2025-11-18T12:53:54.155Z"}
{"duration":3,"level":"info","message":"db-query","rows":8,"text":"\n    SELECT \n      z.id,\n      z.name,\n      z.secondary_name,\n      z.type,\n      z.category,\n      z.vertices,\n      z.base,\n      z.overlay,\n      z.created_at,\n      z.updated_at\n    FROM zones z\n    \n    ORDER BY z.id ASC\n    LIMIT $1 OFFSET $2;\n  ","timestamp":"2025-11-18T12:53:54.161Z"}
{"level":"info","message":"GET /api/zones/get 200 109.411 ms","timestamp":"2025-11-18T12:53:54.164Z"}
{"duration":151,"level":"info","message":"db-query","rows":1,"text":"\n    SELECT COUNT(*) AS total\n    FROM zones z\n    ;\n  ","timestamp":"2025-11-18T12:53:54.180Z"}
{"duration":2,"level":"info","message":"db-query","rows":8,"text":"\n    SELECT \n      z.id,\n      z.name,\n      z.secondary_name,\n      z.type,\n      z.category,\n      z.vertices,\n      z.base,\n      z.overlay,\n      z.created_at,\n      z.updated_at\n    FROM zones z\n    \n    ORDER BY z.id ASC\n    LIMIT $1 OFFSET $2;\n  ","timestamp":"2025-11-18T12:53:54.185Z"}
{"level":"info","message":"GET /api/zones/get 200 160.748 ms","timestamp":"2025-11-18T12:53:54.188Z"}
{"duration":146,"level":"info","message":"db-query","rows":26,"text":"SELECT * FROM location_types","timestamp":"2025-11-18T12:53:54.196Z"}
{"level":"info","message":"GET /api/location-types 200 148.496 ms","timestamp":"2025-11-18T12:53:54.199Z"}
{"level":"info","message":"GET /api/locationtype/zone 200 169.452 ms","timestamp":"2025-11-18T12:53:54.202Z"}
{"duration":3,"level":"info","message":"db-query","rows":5,"text":"\n    SELECT id,\n           TO_CHAR(start_date, 'DD-MM-YYYY') AS start_date,\n           TO_CHAR(end_date, 'DD-MM-YYYY') AS end_date,\n           operator,\n           amount,\n           fix_fare,\n           mileage\n    FROM fare_increments\n    ORDER BY id DESC;\n  ","timestamp":"2025-11-18T12:53:57.658Z"}
{"level":"info","message":"GET /api/fareincrement/get 200 4.629 ms","timestamp":"2025-11-18T12:53:57.659Z"}
{"duration":80,"level":"info","message":"db-query","rows":3,"text":"SELECT id,\n                TO_CHAR(from_date, 'DD-MM-YYYY') AS from_date,\n                TO_CHAR(to_date, 'DD-MM-YYYY') AS to_date,\n                surcharges_type, condition, postcode, operator, fare, parking_charges,\n                extra_drop_charges, congestion_charges, duration,from_time, to_time, active, day, created_at, updated_at FROM surcharges ORDER BY id ASC;","timestamp":"2025-11-18T13:19:44.372Z"}
{"level":"info","message":"GET /api/surcharges/get 200 83.639 ms","timestamp":"2025-11-18T13:19:44.373Z"}
{"duration":66,"level":"info","message":"db-query","rows":26,"text":"SELECT * FROM location_types","timestamp":"2025-11-18T13:31:29.924Z"}
{"level":"info","message":"GET /api/location-types 200 67.216 ms","timestamp":"2025-11-18T13:31:29.925Z"}
{"duration":51,"level":"info","message":"db-query","rows":1,"text":"\n    SELECT COUNT(*) AS total\n    FROM zones z\n    ;\n  ","timestamp":"2025-11-18T13:42:19.237Z"}
{"duration":2,"level":"info","message":"db-query","rows":8,"text":"\n    SELECT \n      z.id,\n      z.name,\n      z.secondary_name,\n      z.type,\n      z.category,\n      z.vertices,\n      z.base,\n      z.overlay,\n      z.created_at,\n      z.updated_at\n    FROM zones z\n    \n    ORDER BY z.id ASC\n    LIMIT $1 OFFSET $2;\n  ","timestamp":"2025-11-18T13:42:19.239Z"}
{"level":"info","message":"GET /api/zones/get 200 55.240 ms","timestamp":"2025-11-18T13:42:19.240Z"}
{"duration":60,"level":"info","message":"db-query","rows":26,"text":"SELECT * FROM location_types","timestamp":"2025-11-18T13:42:19.249Z"}
{"level":"info","message":"GET /api/location-types 200 61.053 ms","timestamp":"2025-11-18T13:42:19.250Z"}
{"duration":69,"level":"info","message":"db-query","rows":1,"text":"\n    SELECT COUNT(*) AS total\n    FROM zones z\n    ;\n  ","timestamp":"2025-11-18T13:42:19.259Z"}
{"duration":2,"level":"info","message":"db-query","rows":8,"text":"\n    SELECT \n      z.id,\n      z.name,\n      z.secondary_name,\n      z.type,\n      z.category,\n      z.vertices,\n      z.base,\n      z.overlay,\n      z.created_at,\n      z.updated_at\n    FROM zones z\n    \n    ORDER BY z.id ASC\n    LIMIT $1 OFFSET $2;\n  ","timestamp":"2025-11-18T13:42:19.261Z"}
{"level":"info","message":"GET /api/zones/get 200 71.730 ms","timestamp":"2025-11-18T13:42:19.262Z"}
{"level":"info","message":"GET /api/locationtype/zone 200 79.048 ms","timestamp":"2025-11-18T13:42:19.265Z"}
{"duration":8,"level":"info","message":"db-query","rows":3,"text":"SELECT id,\n                TO_CHAR(from_date, 'DD-MM-YYYY') AS from_date,\n                TO_CHAR(to_date, 'DD-MM-YYYY') AS to_date,\n                surcharges_type, condition, postcode, operator, fare, parking_charges,\n                extra_drop_charges, congestion_charges, duration,from_time, to_time, active, day, created_at, updated_at FROM surcharges ORDER BY id ASC;","timestamp":"2025-11-18T13:42:23.665Z"}
{"level":"info","message":"GET /api/surcharges/get 200 11.088 ms","timestamp":"2025-11-18T13:42:23.668Z"}
{"duration":83,"level":"info","message":"db-query","rows":1,"text":"\n    SELECT COUNT(*) AS total\n    FROM zones z\n    ;\n  ","timestamp":"2025-11-18T13:43:00.740Z"}
{"duration":2,"level":"info","message":"db-query","rows":8,"text":"\n    SELECT \n      z.id,\n      z.name,\n      z.secondary_name,\n      z.type,\n      z.category,\n      z.vertices,\n      z.base,\n      z.overlay,\n      z.created_at,\n      z.updated_at\n    FROM zones z\n    \n    ORDER BY z.id ASC\n    LIMIT $1 OFFSET $2;\n  ","timestamp":"2025-11-18T13:43:00.742Z"}
{"level":"info","message":"GET /api/zones/get 304 86.948 ms","timestamp":"2025-11-18T13:43:00.743Z"}
{"duration":82,"level":"info","message":"db-query","rows":26,"text":"SELECT * FROM location_types","timestamp":"2025-11-18T13:43:00.752Z"}
{"level":"info","message":"GET /api/location-types 200 82.844 ms","timestamp":"2025-11-18T13:43:00.753Z"}
{"duration":86,"level":"info","message":"db-query","rows":1,"text":"\n    SELECT COUNT(*) AS total\n    FROM zones z\n    ;\n  ","timestamp":"2025-11-18T13:43:00.757Z"}
{"duration":2,"level":"info","message":"db-query","rows":8,"text":"\n    SELECT \n      z.id,\n      z.name,\n      z.secondary_name,\n      z.type,\n      z.category,\n      z.vertices,\n      z.base,\n      z.overlay,\n      z.created_at,\n      z.updated_at\n    FROM zones z\n    \n    ORDER BY z.id ASC\n    LIMIT $1 OFFSET $2;\n  ","timestamp":"2025-11-18T13:43:00.760Z"}
{"level":"info","message":"GET /api/zones/get 200 89.029 ms","timestamp":"2025-11-18T13:43:00.761Z"}
{"level":"info","message":"GET /api/locationtype/zone 304 105.155 ms","timestamp":"2025-11-18T13:43:00.763Z"}
{"duration":2,"level":"info","message":"db-query","rows":1,"text":"\n    SELECT COUNT(*) AS total\n    FROM zones z\n    ;\n  ","timestamp":"2025-11-18T13:43:05.875Z"}
{"duration":3,"level":"info","message":"db-query","rows":8,"text":"\n    SELECT \n      z.id,\n      z.name,\n      z.secondary_name,\n      z.type,\n      z.category,\n      z.vertices,\n      z.base,\n      z.overlay,\n      z.created_at,\n      z.updated_at\n    FROM zones z\n    \n    ORDER BY z.id ASC\n    LIMIT $1 OFFSET $2;\n  ","timestamp":"2025-11-18T13:43:05.879Z"}
{"level":"info","message":"GET /api/zones/get 304 8.664 ms","timestamp":"2025-11-18T13:43:05.883Z"}
{"duration":9,"level":"info","message":"db-query","rows":3,"text":"SELECT id,\n                TO_CHAR(from_date, 'DD-MM-YYYY') AS from_date,\n                TO_CHAR(to_date, 'DD-MM-YYYY') AS to_date,\n                surcharges_type, condition, postcode, operator, fare, parking_charges,\n                extra_drop_charges, congestion_charges, duration,from_time, to_time, active, day, created_at, updated_at FROM surcharges ORDER BY id ASC;","timestamp":"2025-11-18T13:43:05.886Z"}
{"level":"info","message":"GET /api/surcharges/get 304 10.962 ms","timestamp":"2025-11-18T13:43:05.889Z"}
{"duration":5,"level":"info","message":"db-query","rows":26,"text":"SELECT * FROM location_types","timestamp":"2025-11-18T13:52:27.939Z"}
{"level":"info","message":"GET /api/location-types 200 11.291 ms","timestamp":"2025-11-18T13:52:27.945Z"}
{"duration":1,"level":"info","message":"db-query","rows":26,"text":"SELECT * FROM location_types","timestamp":"2025-11-18T13:52:27.954Z"}
{"level":"info","message":"GET /api/location-types 200 2.417 ms","timestamp":"2025-11-18T13:52:27.955Z"}
{"duration":5,"level":"info","message":"db-query","rows":26,"text":"SELECT * FROM location_types","timestamp":"2025-11-18T13:52:34.373Z"}
{"level":"info","message":"GET /api/location-types 200 12.296 ms","timestamp":"2025-11-18T13:52:34.381Z"}
{"duration":83,"level":"info","message":"db-query","rows":26,"text":"SELECT * FROM location_types","timestamp":"2025-11-18T13:52:34.453Z"}
{"level":"info","message":"GET /api/location-types 200 85.431 ms","timestamp":"2025-11-18T13:52:34.455Z"}
{"duration":5,"level":"info","message":"db-query","rows":26,"text":"SELECT * FROM location_types","timestamp":"2025-11-18T13:52:39.655Z"}
{"level":"info","message":"GET /api/location-types 200 10.703 ms","timestamp":"2025-11-18T13:52:39.662Z"}
{"duration":55,"level":"info","message":"db-query","rows":26,"text":"SELECT * FROM location_types","timestamp":"2025-11-18T13:52:39.707Z"}
{"level":"info","message":"GET /api/location-types 200 56.158 ms","timestamp":"2025-11-18T13:52:39.709Z"}
{"duration":5,"level":"info","message":"db-query","rows":26,"text":"SELECT * FROM location_types","timestamp":"2025-11-18T13:52:43.675Z"}
{"level":"info","message":"GET /api/location-types 200 16.925 ms","timestamp":"2025-11-18T13:52:43.686Z"}
{"duration":119,"level":"info","message":"db-query","rows":26,"text":"SELECT * FROM location_types","timestamp":"2025-11-18T13:52:43.790Z"}
{"level":"info","message":"GET /api/location-types 200 121.029 ms","timestamp":"2025-11-18T13:52:43.792Z"}
{"duration":11,"level":"info","message":"db-query","rows":26,"text":"SELECT * FROM location_types","timestamp":"2025-11-18T13:52:48.567Z"}
{"level":"info","message":"GET /api/location-types 200 26.192 ms","timestamp":"2025-11-18T13:52:48.584Z"}
{"duration":95,"level":"info","message":"db-query","rows":26,"text":"SELECT * FROM location_types","timestamp":"2025-11-18T13:52:48.654Z"}
{"level":"info","message":"GET /api/location-types 200 96.328 ms","timestamp":"2025-11-18T13:52:48.655Z"}
{"duration":5,"level":"info","message":"db-query","rows":26,"text":"SELECT * FROM location_types","timestamp":"2025-11-18T13:53:42.136Z"}
{"level":"info","message":"GET /api/location-types 200 11.204 ms","timestamp":"2025-11-18T13:53:42.143Z"}
{"duration":56,"level":"info","message":"db-query","rows":26,"text":"SELECT * FROM location_types","timestamp":"2025-11-18T13:53:42.189Z"}
{"level":"info","message":"GET /api/location-types 200 57.101 ms","timestamp":"2025-11-18T13:53:42.191Z"}
{"duration":5,"level":"info","message":"db-query","rows":26,"text":"SELECT * FROM location_types","timestamp":"2025-11-18T13:53:46.677Z"}
{"level":"info","message":"GET /api/location-types 200 14.182 ms","timestamp":"2025-11-18T13:53:46.686Z"}
{"duration":111,"level":"info","message":"db-query","rows":26,"text":"SELECT * FROM location_types","timestamp":"2025-11-18T13:53:46.785Z"}
{"level":"info","message":"GET /api/location-types 200 113.419 ms","timestamp":"2025-11-18T13:53:46.788Z"}
{"duration":6,"level":"info","message":"db-query","rows":26,"text":"SELECT * FROM location_types","timestamp":"2025-11-18T13:54:25.549Z"}
{"level":"info","message":"GET /api/location-types 200 15.461 ms","timestamp":"2025-11-18T13:54:25.559Z"}
{"duration":65,"level":"info","message":"db-query","rows":26,"text":"SELECT * FROM location_types","timestamp":"2025-11-18T13:54:25.610Z"}
{"level":"info","message":"GET /api/location-types 200 66.168 ms","timestamp":"2025-11-18T13:54:25.611Z"}
{"duration":5,"level":"info","message":"db-query","rows":26,"text":"SELECT * FROM location_types","timestamp":"2025-11-18T13:54:28.592Z"}
{"level":"info","message":"GET /api/location-types 200 10.861 ms","timestamp":"2025-11-18T13:54:28.599Z"}
{"duration":62,"level":"info","message":"db-query","rows":26,"text":"SELECT * FROM location_types","timestamp":"2025-11-18T13:54:28.650Z"}
{"level":"info","message":"GET /api/location-types 200 62.833 ms","timestamp":"2025-11-18T13:54:28.651Z"}
{"duration":6,"level":"info","message":"db-query","rows":26,"text":"SELECT * FROM location_types","timestamp":"2025-11-18T13:54:31.734Z"}
{"level":"info","message":"GET /api/location-types 200 17.824 ms","timestamp":"2025-11-18T13:54:31.746Z"}
{"duration":78,"level":"info","message":"db-query","rows":26,"text":"SELECT * FROM location_types","timestamp":"2025-11-18T13:54:31.807Z"}
{"level":"info","message":"GET /api/location-types 200 78.736 ms","timestamp":"2025-11-18T13:54:31.808Z"}
{"duration":9,"level":"info","message":"db-query","rows":26,"text":"SELECT * FROM location_types","timestamp":"2025-11-18T13:54:38.385Z"}
{"level":"info","message":"GET /api/location-types 200 61.113 ms","timestamp":"2025-11-18T13:54:38.436Z"}
{"duration":147,"level":"info","message":"db-query","rows":26,"text":"SELECT * FROM location_types","timestamp":"2025-11-18T13:54:38.523Z"}
{"level":"info","message":"GET /api/location-types 200 148.498 ms","timestamp":"2025-11-18T13:54:38.525Z"}
{"duration":5,"level":"info","message":"db-query","rows":26,"text":"SELECT * FROM location_types","timestamp":"2025-11-18T13:54:41.131Z"}
{"level":"info","message":"GET /api/location-types 200 12.084 ms","timestamp":"2025-11-18T13:54:41.138Z"}
{"duration":57,"level":"info","message":"db-query","rows":26,"text":"SELECT * FROM location_types","timestamp":"2025-11-18T13:54:41.184Z"}
{"level":"info","message":"GET /api/location-types 200 58.603 ms","timestamp":"2025-11-18T13:54:41.186Z"}
{"duration":6,"level":"info","message":"db-query","rows":26,"text":"SELECT * FROM location_types","timestamp":"2025-11-18T13:54:55.207Z"}
{"level":"info","message":"GET /api/location-types 200 11.634 ms","timestamp":"2025-11-18T13:54:55.214Z"}
{"duration":61,"level":"info","message":"db-query","rows":26,"text":"SELECT * FROM location_types","timestamp":"2025-11-18T13:54:55.264Z"}
{"level":"info","message":"GET /api/location-types 200 61.729 ms","timestamp":"2025-11-18T13:54:55.265Z"}
{"duration":8,"level":"info","message":"db-query","rows":26,"text":"SELECT * FROM location_types","timestamp":"2025-11-18T13:55:00.857Z"}
{"level":"info","message":"GET /api/location-types 200 19.135 ms","timestamp":"2025-11-18T13:55:00.867Z"}
{"duration":72,"level":"info","message":"db-query","rows":26,"text":"SELECT * FROM location_types","timestamp":"2025-11-18T13:55:00.924Z"}
{"level":"info","message":"GET /api/location-types 200 73.870 ms","timestamp":"2025-11-18T13:55:00.926Z"}
{"duration":13,"level":"info","message":"db-query","rows":26,"text":"SELECT * FROM location_types","timestamp":"2025-11-18T13:55:09.009Z"}
{"level":"info","message":"GET /api/location-types 200 28.103 ms","timestamp":"2025-11-18T13:55:09.024Z"}
{"duration":103,"level":"info","message":"db-query","rows":26,"text":"SELECT * FROM location_types","timestamp":"2025-11-18T13:55:09.106Z"}
{"level":"info","message":"GET /api/location-types 200 104.580 ms","timestamp":"2025-11-18T13:55:09.108Z"}
{"duration":5,"level":"info","message":"db-query","rows":26,"text":"SELECT * FROM location_types","timestamp":"2025-11-18T13:55:14.042Z"}
{"level":"info","message":"GET /api/location-types 200 14.689 ms","timestamp":"2025-11-18T13:55:14.052Z"}
{"duration":68,"level":"info","message":"db-query","rows":26,"text":"SELECT * FROM location_types","timestamp":"2025-11-18T13:55:14.107Z"}
{"level":"info","message":"GET /api/location-types 200 69.739 ms","timestamp":"2025-11-18T13:55:14.108Z"}
{"duration":7,"level":"info","message":"db-query","rows":26,"text":"SELECT * FROM location_types","timestamp":"2025-11-18T13:55:16.217Z"}
{"level":"info","message":"GET /api/location-types 200 15.365 ms","timestamp":"2025-11-18T13:55:16.225Z"}
{"duration":60,"level":"info","message":"db-query","rows":26,"text":"SELECT * FROM location_types","timestamp":"2025-11-18T13:55:16.271Z"}
{"level":"info","message":"GET /api/location-types 200 61.481 ms","timestamp":"2025-11-18T13:55:16.273Z"}
{"duration":4,"level":"info","message":"db-query","rows":26,"text":"SELECT * FROM location_types","timestamp":"2025-11-18T13:55:26.344Z"}
{"level":"info","message":"GET /api/location-types 200 13.387 ms","timestamp":"2025-11-18T13:55:26.353Z"}
{"duration":65,"level":"info","message":"db-query","rows":26,"text":"SELECT * FROM location_types","timestamp":"2025-11-18T13:55:26.406Z"}
{"level":"info","message":"GET /api/location-types 200 66.907 ms","timestamp":"2025-11-18T13:55:26.408Z"}
{"duration":5,"level":"info","message":"db-query","rows":26,"text":"SELECT * FROM location_types","timestamp":"2025-11-18T13:55:30.623Z"}
{"level":"info","message":"GET /api/location-types 200 9.948 ms","timestamp":"2025-11-18T13:55:30.629Z"}
{"duration":1,"level":"info","message":"db-query","rows":26,"text":"SELECT * FROM location_types","timestamp":"2025-11-18T13:55:30.637Z"}
{"level":"info","message":"GET /api/location-types 200 2.055 ms","timestamp":"2025-11-18T13:55:30.638Z"}
{"duration":6,"level":"info","message":"db-query","rows":26,"text":"SELECT * FROM location_types","timestamp":"2025-11-18T13:55:54.033Z"}
{"level":"info","message":"GET /api/location-types 200 12.275 ms","timestamp":"2025-11-18T13:55:54.040Z"}
{"duration":54,"level":"info","message":"db-query","rows":26,"text":"SELECT * FROM location_types","timestamp":"2025-11-18T13:55:54.083Z"}
{"level":"info","message":"GET /api/location-types 200 55.556 ms","timestamp":"2025-11-18T13:55:54.084Z"}
{"duration":5,"level":"info","message":"db-query","rows":26,"text":"SELECT * FROM location_types","timestamp":"2025-11-18T13:55:57.919Z"}
{"level":"info","message":"GET /api/location-types 200 11.484 ms","timestamp":"2025-11-18T13:55:57.926Z"}
{"duration":58,"level":"info","message":"db-query","rows":26,"text":"SELECT * FROM location_types","timestamp":"2025-11-18T13:55:57.974Z"}
{"level":"info","message":"GET /api/location-types 200 69.047 ms","timestamp":"2025-11-18T13:55:57.985Z"}
{"duration":12,"level":"info","message":"db-query","rows":26,"text":"SELECT * FROM location_types","timestamp":"2025-11-18T13:56:04.188Z"}
{"level":"info","message":"GET /api/location-types 200 25.679 ms","timestamp":"2025-11-18T13:56:04.203Z"}
{"duration":72,"level":"info","message":"db-query","rows":26,"text":"SELECT * FROM location_types","timestamp":"2025-11-18T13:56:04.253Z"}
{"level":"info","message":"GET /api/location-types 200 74.282 ms","timestamp":"2025-11-18T13:56:04.254Z"}
{"duration":15,"level":"info","message":"db-query","rows":26,"text":"SELECT * FROM location_types","timestamp":"2025-11-18T13:56:08.791Z"}
{"level":"info","message":"GET /api/location-types 200 30.755 ms","timestamp":"2025-11-18T13:56:08.806Z"}
{"duration":90,"level":"info","message":"db-query","rows":26,"text":"SELECT * FROM location_types","timestamp":"2025-11-18T13:56:08.869Z"}
{"level":"info","message":"GET /api/location-types 200 91.825 ms","timestamp":"2025-11-18T13:56:08.870Z"}
{"duration":18,"level":"info","message":"db-query","rows":26,"text":"SELECT * FROM location_types","timestamp":"2025-11-18T13:56:13.978Z"}
{"level":"info","message":"GET /api/location-types 200 34.642 ms","timestamp":"2025-11-18T13:56:13.999Z"}
{"duration":114,"level":"info","message":"db-query","rows":26,"text":"SELECT * FROM location_types","timestamp":"2025-11-18T13:56:14.082Z"}
{"level":"info","message":"GET /api/location-types 200 117.363 ms","timestamp":"2025-11-18T13:56:14.085Z"}
{"duration":13,"level":"info","message":"db-query","rows":26,"text":"SELECT * FROM location_types","timestamp":"2025-11-18T13:56:17.210Z"}
{"level":"info","message":"GET /api/location-types 200 30.050 ms","timestamp":"2025-11-18T13:56:17.227Z"}
{"duration":76,"level":"info","message":"db-query","rows":26,"text":"SELECT * FROM location_types","timestamp":"2025-11-18T13:56:17.279Z"}
{"level":"info","message":"GET /api/location-types 200 79.339 ms","timestamp":"2025-11-18T13:56:17.282Z"}
{"duration":60,"level":"info","message":"db-query","rows":3,"text":"SELECT id,\n                TO_CHAR(from_date, 'DD-MM-YYYY') AS from_date,\n                TO_CHAR(to_date, 'DD-MM-YYYY') AS to_date,\n                surcharges_type, condition, postcode, operator, fare, parking_charges,\n                extra_drop_charges, congestion_charges, duration,from_time, to_time, active, day, created_at, updated_at FROM surcharges ORDER BY id ASC;","timestamp":"2025-11-18T13:56:32.905Z"}
{"level":"info","message":"GET /api/surcharges/get 200 63.213 ms","timestamp":"2025-11-18T13:56:32.908Z"}
{"duration":78,"level":"info","message":"db-query","rows":1,"text":"\n    SELECT COUNT(*) AS total\n    FROM zones z\n    ;\n  ","timestamp":"2025-11-18T14:10:02.982Z"}
{"duration":80,"level":"info","message":"db-query","rows":26,"text":"SELECT * FROM location_types","timestamp":"2025-11-18T14:10:02.986Z"}
{"level":"info","message":"GET /api/location-types 200 81.684 ms","timestamp":"2025-11-18T14:10:02.988Z"}
{"duration":6,"level":"info","message":"db-query","rows":8,"text":"\n    SELECT \n      z.id,\n      z.name,\n      z.secondary_name,\n      z.type,\n      z.category,\n      z.vertices,\n      z.base,\n      z.overlay,\n      z.created_at,\n      z.updated_at\n    FROM zones z\n    \n    ORDER BY z.id ASC\n    LIMIT $1 OFFSET $2;\n  ","timestamp":"2025-11-18T14:10:02.991Z"}
{"level":"info","message":"GET /api/zones/get 200 87.856 ms","timestamp":"2025-11-18T14:10:02.992Z"}
{"duration":105,"level":"info","message":"db-query","rows":1,"text":"\n    SELECT COUNT(*) AS total\n    FROM zones z\n    ;\n  ","timestamp":"2025-11-18T14:10:03.012Z"}
{"duration":4,"level":"info","message":"db-query","rows":8,"text":"\n    SELECT \n      z.id,\n      z.name,\n      z.secondary_name,\n      z.type,\n      z.category,\n      z.vertices,\n      z.base,\n      z.overlay,\n      z.created_at,\n      z.updated_at\n    FROM zones z\n    \n    ORDER BY z.id ASC\n    LIMIT $1 OFFSET $2;\n  ","timestamp":"2025-11-18T14:10:03.018Z"}
{"level":"info","message":"GET /api/zones/get 200 114.026 ms","timestamp":"2025-11-18T14:10:03.022Z"}
{"level":"info","message":"GET /api/locationtype/zone 200 129.695 ms","timestamp":"2025-11-18T14:10:03.025Z"}
{"duration":3,"level":"info","message":"db-query","rows":3,"text":"SELECT id,\n                TO_CHAR(from_date, 'DD-MM-YYYY') AS from_date,\n                TO_CHAR(to_date, 'DD-MM-YYYY') AS to_date,\n                surcharges_type, condition, postcode, operator, fare, parking_charges,\n                extra_drop_charges, congestion_charges, duration,from_time, to_time, active, day, created_at, updated_at FROM surcharges ORDER BY id ASC;","timestamp":"2025-11-18T14:10:11.938Z"}
{"level":"info","message":"GET /api/surcharges/get 200 4.766 ms","timestamp":"2025-11-18T14:10:11.940Z"}
{"duration":53,"level":"info","message":"db-query","rows":26,"text":"SELECT * FROM location_types","timestamp":"2025-11-18T14:56:16.622Z"}
{"level":"info","message":"GET /api/location-types 200 54.090 ms","timestamp":"2025-11-18T14:56:16.624Z"}
{"duration":64,"level":"info","message":"db-query","rows":1,"text":"\n    SELECT COUNT(*) AS total\n    FROM zones z\n    ;\n  ","timestamp":"2025-11-18T15:54:09.964Z"}
{"duration":2,"level":"info","message":"db-query","rows":8,"text":"\n    SELECT \n      z.id,\n      z.name,\n      z.secondary_name,\n      z.type,\n      z.category,\n      z.vertices,\n      z.base,\n      z.overlay,\n      z.created_at,\n      z.updated_at\n    FROM zones z\n    \n    ORDER BY z.id ASC\n    LIMIT $1 OFFSET $2;\n  ","timestamp":"2025-11-18T15:54:09.966Z"}
{"level":"info","message":"GET /api/zones/get 200 68.554 ms","timestamp":"2025-11-18T15:54:09.968Z"}
{"duration":65,"level":"info","message":"db-query","rows":26,"text":"SELECT * FROM location_types","timestamp":"2025-11-18T15:54:09.969Z"}
{"level":"info","message":"GET /api/location-types 200 64.879 ms","timestamp":"2025-11-18T15:54:09.969Z"}
{"duration":72,"level":"info","message":"db-query","rows":1,"text":"\n    SELECT COUNT(*) AS total\n    FROM zones z\n    ;\n  ","timestamp":"2025-11-18T15:54:09.978Z"}
{"duration":2,"level":"info","message":"db-query","rows":8,"text":"\n    SELECT \n      z.id,\n      z.name,\n      z.secondary_name,\n      z.type,\n      z.category,\n      z.vertices,\n      z.base,\n      z.overlay,\n      z.created_at,\n      z.updated_at\n    FROM zones z\n    \n    ORDER BY z.id ASC\n    LIMIT $1 OFFSET $2;\n  ","timestamp":"2025-11-18T15:54:09.980Z"}
{"level":"info","message":"GET /api/zones/get 200 75.649 ms","timestamp":"2025-11-18T15:54:09.982Z"}
{"level":"info","message":"GET /api/locationtype/zone 200 84.184 ms","timestamp":"2025-11-18T15:54:09.985Z"}
{"duration":5,"level":"info","message":"db-query","rows":3,"text":"SELECT id,\n                TO_CHAR(from_date, 'DD-MM-YYYY') AS from_date,\n                TO_CHAR(to_date, 'DD-MM-YYYY') AS to_date,\n                surcharges_type, condition, postcode, operator, fare, parking_charges,\n                extra_drop_charges, congestion_charges, duration,from_time, to_time, active, day, created_at, updated_at FROM surcharges ORDER BY id ASC;","timestamp":"2025-11-18T15:54:17.641Z"}
{"level":"info","message":"GET /api/surcharges/get 200 6.865 ms","timestamp":"2025-11-18T15:54:17.643Z"}
{"duration":55,"level":"info","message":"db-query","rows":26,"text":"SELECT * FROM location_types","timestamp":"2025-11-18T15:56:16.639Z"}
{"level":"info","message":"GET /api/location-types 200 55.912 ms","timestamp":"2025-11-18T15:56:16.641Z"}
{"duration":64,"level":"info","message":"db-query","rows":1,"text":"\n    SELECT COUNT(*) AS total\n    FROM zones z\n    ;\n  ","timestamp":"2025-11-18T16:28:18.207Z"}
{"duration":60,"level":"info","message":"db-query","rows":26,"text":"SELECT * FROM location_types","timestamp":"2025-11-18T16:28:18.209Z"}
{"level":"info","message":"GET /api/location-types 200 60.145 ms","timestamp":"2025-11-18T16:28:18.210Z"}
{"duration":3,"level":"info","message":"db-query","rows":8,"text":"\n    SELECT \n      z.id,\n      z.name,\n      z.secondary_name,\n      z.type,\n      z.category,\n      z.vertices,\n      z.base,\n      z.overlay,\n      z.created_at,\n      z.updated_at\n    FROM zones z\n    \n    ORDER BY z.id ASC\n    LIMIT $1 OFFSET $2;\n  ","timestamp":"2025-11-18T16:28:18.211Z"}
{"level":"info","message":"GET /api/zones/get 200 69.045 ms","timestamp":"2025-11-18T16:28:18.212Z"}
{"duration":66,"level":"info","message":"db-query","rows":1,"text":"\n    SELECT COUNT(*) AS total\n    FROM zones z\n    ;\n  ","timestamp":"2025-11-18T16:28:18.216Z"}
{"duration":2,"level":"info","message":"db-query","rows":8,"text":"\n    SELECT \n      z.id,\n      z.name,\n      z.secondary_name,\n      z.type,\n      z.category,\n      z.vertices,\n      z.base,\n      z.overlay,\n      z.created_at,\n      z.updated_at\n    FROM zones z\n    \n    ORDER BY z.id ASC\n    LIMIT $1 OFFSET $2;\n  ","timestamp":"2025-11-18T16:28:18.219Z"}
{"level":"info","message":"GET /api/zones/get 200 69.982 ms","timestamp":"2025-11-18T16:28:18.220Z"}
{"level":"info","message":"GET /api/locationtype/zone 200 80.084 ms","timestamp":"2025-11-18T16:28:18.224Z"}
{"duration":57,"level":"info","message":"db-query","rows":1,"text":"\n    SELECT COUNT(*) AS total\n    FROM zones z\n    ;\n  ","timestamp":"2025-11-18T16:28:34.256Z"}
{"duration":2,"level":"info","message":"db-query","rows":8,"text":"\n    SELECT \n      z.id,\n      z.name,\n      z.secondary_name,\n      z.type,\n      z.category,\n      z.vertices,\n      z.base,\n      z.overlay,\n      z.created_at,\n      z.updated_at\n    FROM zones z\n    \n    ORDER BY z.id ASC\n    LIMIT $1 OFFSET $2;\n  ","timestamp":"2025-11-18T16:28:34.258Z"}
{"level":"info","message":"GET /api/zones/get 304 60.639 ms","timestamp":"2025-11-18T16:28:34.260Z"}
{"duration":66,"level":"info","message":"db-query","rows":1,"text":"\n    SELECT COUNT(*) AS total\n    FROM drivers d\n    LEFT JOIN subsidiaries s ON s.id = d.subsidiary_id\n    LEFT JOIN vehicles v ON v.id = d.vehicle_id\n    LEFT JOIN vehicle_types vt_v ON vt_v.id = v.vehicle_type_id\n    LEFT JOIN company_vehicles cv ON cv.id = d.company_vehicle_id\n    LEFT JOIN vehicle_types vt_cv ON vt_cv.id = cv.vehicle_type_id\n    WHERE d.active = $1;\n  ","timestamp":"2025-11-18T16:29:03.965Z"}
{"duration":6,"level":"info","message":"db-query","rows":0,"text":"\n    SELECT \n      d.*,\n      s.name AS subsidiary_name,\n      CASE \n        WHEN d.use_company_vehicle = true THEN\n          json_build_object(\n            'vehicle_number', cv.vehicle_number,\n            'make', cv.make,\n            'model', cv.model,\n            'color', cv.color,\n            'end_date', cv.end_date,\n            'vehicle_type', json_build_object(\n              'id', vt_cv.id,\n              'name', vt_cv.name,\n              'passengers', vt_cv.passengers,\n              'luggages', vt_cv.luggages,\n              'driver_waiting_charges', vt_cv.driver_waiting_charges\n            )\n          )\n        ELSE\n          json_build_object(\n            'vehicle_number', v.vehicle_number,\n            'make', v.make,\n            'model', v.model,\n            'color', v.color,\n            'end_date', v.end_date,\n            'vehicle_type', json_build_object(\n              'id', vt_v.id,\n              'name', vt_v.name,\n              'passengers', vt_v.passengers,\n              'luggages', vt_v.luggages,\n              'driver_waiting_charges', vt_v.driver_waiting_charges\n            )\n          )\n      END AS vehicle\n    FROM drivers d\n    LEFT JOIN subsidiaries s ON s.id = d.subsidiary_id\n    LEFT JOIN vehicles v ON v.id = d.vehicle_id\n    LEFT JOIN vehicle_types vt_v ON vt_v.id = v.vehicle_type_id\n    LEFT JOIN company_vehicles cv ON cv.id = d.company_vehicle_id\n    LEFT JOIN vehicle_types vt_cv ON vt_cv.id = cv.vehicle_type_id\n    WHERE d.active = $1\n    ORDER BY d.id DESC\n    LIMIT $2 OFFSET $3;\n  ","timestamp":"2025-11-18T16:29:03.973Z"}
{"level":"info","message":"GET /api/drivers/get 200 78.626 ms","timestamp":"2025-11-18T16:29:03.976Z"}
{"duration":8,"level":"info","message":"db-query","rows":0,"text":"\n      SELECT id FROM drivers \n      WHERE LOWER(username) = LOWER($1)\n      LIMIT 1\n    ","timestamp":"2025-11-18T16:29:11.488Z"}
{"duration":1,"level":"info","message":"db-query","rows":null,"text":"BEGIN","timestamp":"2025-11-18T16:29:11.501Z"}
{"duration":1,"level":"info","message":"db-query","rows":0,"text":"SELECT id FROM drivers WHERE driver_access_token = $1 LIMIT 1","timestamp":"2025-11-18T16:29:11.593Z"}
{"duration":5,"level":"info","message":"db-query","rows":1,"text":"\n      INSERT INTO drivers (\n        subsidiary_id, username, password, name, email, mobile, telephone, address, dob,\n        driver_type, driver_commission, rent_limit, rent_paid, balance, has_pda,\n        use_company_vehicle, active, start_date, end_date,\n        licence_number, licence_expiry, phc_driver_number, phc_driver_expiry,\n        insurance_number, insurance_expiry, rental_agreement_number, rental_agreement_expiry,\n        road_tax_number, road_tax_expiry, v5_registration_number, v5_registration_expiry,\n        mot_number, mot_expiry, mot2_number, mot2_expiry, phc_vehicle_number, phc_vehicle_expiry,\n        ni, image, company_vehicle_id, vehicle_id,\n        licence_expiry_time, phc_driver_expiry_time, insurance_expiry_time, phc_vehicle_expiry_time,\n        mot_expiry_time, mot2_expiry_time, v5_registration_expiry_time, road_tax_expiry_time,\n        rental_agreement_expiry_time, driver_access_token\n      )\n      VALUES (\n        $1,$2,$3,$4,$5,$6,$7,$8,$9,\n        $10,$11,$12,$13,$14,$15,\n        $16,$17,$18,$19,\n        $20,$21,$22,$23,\n        $24,$25,$26,$27,\n        $28,$29,$30,$31,\n        $32,$33,$34,$35,$36,$37,\n        $38,$39,$40,$41,\n        $42,$43,$44,$45,$46,$47,\n        $48,$49,$50,$51\n      )\n      RETURNING id\n    ","timestamp":"2025-11-18T16:29:11.598Z"}
{"duration":8,"level":"info","message":"db-query","rows":1,"text":"\n        INSERT INTO vehicles (\n          driver_id, vehicle_type_id, vehicle_number, make, model, color, owner,\n          start_date, end_date, log_book_number, mot_number, mot_expiry,\n          mot2_number, mot2_expiry, insurance_number, insurance_expiry,\n          phc_vehicle_number, phc_vehicle_expiry,\n          log_book_document, phc_vehicle_document, mot_document, mot2_document, insurance_document,\n          company, assigned,\n          mot_expiry_time, mot2_expiry_time, insurance_expiry_time, phc_vehicle_expiry_time,\n          road_tax_number, road_tax_expiry, road_tax_expiry_time,\n          rental_agreement_number, rental_agreement_expiry, rental_agreement_expiry_time,\n          v5_registration_number, v5_registration_expiry, v5_registration_expiry_time,\n          road_tax_document, phc_driver_document, v5_registration_document,\n          rental_agreement_document, licence_document,\n          licence_number, licence_expiry, licence_expiry_time,\n          phc_driver_number, phc_driver_expiry, phc_driver_expiry_time\n        )\n        VALUES (\n          $1,$2,$3,$4,$5,$6,$7,\n          $8,$9,$10,$11,$12,\n          $13,$14,$15,$16,\n          $17,$18,\n          $19,$20,$21,$22,$23,\n          false,false,\n          $24,$25,$26,$27,\n          $28,$29,$30,\n          $31,$32,$33,\n          $34,$35,$36,\n          $37,$38,$39,$40,$41,\n          $42,$43,$44,\n          $45,$46,$47\n        )\n        RETURNING id\n      ","timestamp":"2025-11-18T16:29:11.607Z"}
{"duration":7,"level":"info","message":"db-query","rows":1,"text":"UPDATE drivers SET vehicle_id = $1 WHERE id = $2","timestamp":"2025-11-18T16:29:11.614Z"}
{"duration":7,"level":"info","message":"db-query","rows":1,"text":"INSERT INTO driver_notes (driver_id, note, created_at, created_by)\n           VALUES ($1, $2, $3, $4)","timestamp":"2025-11-18T16:29:11.622Z"}
{"duration":6,"level":"info","message":"db-query","rows":1,"text":"INSERT INTO driver_shifts (driver_id, name, start_time, end_time)\n           VALUES ($1, $2, $3, $4)","timestamp":"2025-11-18T16:29:11.628Z"}
{"duration":0,"level":"info","message":"db-query","rows":1,"text":"INSERT INTO driver_shifts (driver_id, name, start_time, end_time)\n           VALUES ($1, $2, $3, $4)","timestamp":"2025-11-18T16:29:11.630Z"}
{"duration":2,"level":"info","message":"db-query","rows":null,"text":"COMMIT","timestamp":"2025-11-18T16:29:11.632Z"}
{"duration":1,"level":"info","message":"db-query","rows":null,"text":"BEGIN","timestamp":"2025-11-18T16:29:11.634Z"}
{"duration":2,"level":"info","message":"db-query","rows":1,"text":"SELECT d.*, s.name AS subsidiary_name\n       FROM drivers d\n       LEFT JOIN subsidiaries s ON s.id = d.subsidiary_id\n       WHERE d.id = $1","timestamp":"2025-11-18T16:29:11.637Z"}
{"duration":1,"level":"info","message":"db-query","rows":1,"text":"SELECT id, note, created_at, created_by\n       FROM driver_notes\n       WHERE driver_id = $1\n       ORDER BY created_at DESC","timestamp":"2025-11-18T16:29:11.639Z"}
{"duration":1,"level":"info","message":"db-query","rows":2,"text":"SELECT id, name, start_time, end_time\n       FROM driver_shifts\n       WHERE driver_id = $1\n       ORDER BY id ASC","timestamp":"2025-11-18T16:29:11.640Z"}
{"duration":4,"level":"info","message":"db-query","rows":1,"text":"SELECT \n            v.*,\n            json_build_object(\n              'id', vt.id,\n              'name', vt.name,\n              'driver_waiting_charges', vt.driver_waiting_charges,\n              'account_waiting_charges', vt.account_waiting_charges,\n              'waiting_time', vt.waiting_time\n            ) AS vehicle_type\n         FROM vehicles v\n         LEFT JOIN vehicle_types vt ON vt.id = v.vehicle_type_id\n         WHERE v.id = $1\n         LIMIT 1","timestamp":"2025-11-18T16:29:11.645Z"}
{"duration":1,"level":"info","message":"db-query","rows":null,"text":"COMMIT","timestamp":"2025-11-18T16:29:11.646Z"}
{"level":"info","message":"POST /api/drivers/add 200 180.953 ms","timestamp":"2025-11-18T16:29:11.648Z"}
{"duration":60,"level":"info","message":"db-query","rows":1,"text":"\n        SELECT * FROM drivers \n        WHERE LOWER(username) = LOWER($1)\n        LIMIT 1\n    ","timestamp":"2025-11-18T16:29:35.070Z"}
{"duration":4,"level":"info","message":"db-query","rows":1,"text":"\n        UPDATE drivers \n        SET \n          session_status = 'logged_in',\n          driver_status = 'Available',\n          booking_status = 'Available'\n        WHERE id = $1\n      ","timestamp":"2025-11-18T16:29:35.162Z"}
{"level":"info","message":"POST /api/drivers/login 200 153.942 ms","timestamp":"2025-11-18T16:29:35.164Z"}
{"duration":61,"level":"info","message":"db-query","rows":1,"text":"\n        SELECT * FROM drivers \n        WHERE LOWER(username) = LOWER($1)\n        LIMIT 1\n    ","timestamp":"2025-11-18T16:29:53.402Z"}
{"level":"info","message":"POST /api/drivers/login 400 141.087 ms","timestamp":"2025-11-18T16:29:53.482Z"}
{"duration":65,"level":"info","message":"db-query","rows":1,"text":"\n        SELECT * FROM drivers \n        WHERE LOWER(username) = LOWER($1)\n        LIMIT 1\n    ","timestamp":"2025-11-18T16:30:03.580Z"}
{"level":"info","message":"POST /api/drivers/login 401 139.231 ms","timestamp":"2025-11-18T16:30:03.655Z"}
{"duration":61,"level":"info","message":"db-query","rows":1,"text":"\n        SELECT * FROM drivers \n        WHERE LOWER(username) = LOWER($1)\n        LIMIT 1\n    ","timestamp":"2025-11-18T16:31:05.668Z"}
{"level":"info","message":"POST /api/drivers/login 401 62.617 ms","timestamp":"2025-11-18T16:31:05.669Z"}
{"duration":59,"level":"info","message":"db-query","rows":1,"text":"\n        SELECT * FROM drivers \n        WHERE LOWER(username) = LOWER($1)\n        LIMIT 1\n    ","timestamp":"2025-11-18T16:31:25.591Z"}
{"duration":3,"level":"info","message":"db-query","rows":1,"text":"\n        UPDATE drivers \n        SET \n          session_status = 'logged_in',\n          driver_status = 'Available',\n          booking_status = 'Available'\n        WHERE id = $1\n      ","timestamp":"2025-11-18T16:31:25.675Z"}
{"level":"info","message":"POST /api/drivers/login 200 145.511 ms","timestamp":"2025-11-18T16:31:25.677Z"}
{"duration":93,"level":"info","message":"db-query","rows":1,"text":"\n    SELECT COUNT(*) AS total\n    FROM zones z\n    ;\n  ","timestamp":"2025-11-18T16:33:12.629Z"}
{"duration":2,"level":"info","message":"db-query","rows":8,"text":"\n    SELECT \n      z.id,\n      z.name,\n      z.secondary_name,\n      z.type,\n      z.category,\n      z.vertices,\n      z.base,\n      z.overlay,\n      z.created_at,\n      z.updated_at\n    FROM zones z\n    \n    ORDER BY z.id ASC\n    LIMIT $1 OFFSET $2;\n  ","timestamp":"2025-11-18T16:33:12.632Z"}
{"level":"info","message":"GET /api/zones/get 304 98.468 ms","timestamp":"2025-11-18T16:33:12.634Z"}
{"duration":86,"level":"info","message":"db-query","rows":1,"text":"\n    SELECT COUNT(*) AS total\n    FROM zones z\n    ;\n  ","timestamp":"2025-11-18T16:33:12.635Z"}
{"duration":89,"level":"info","message":"db-query","rows":26,"text":"SELECT * FROM location_types","timestamp":"2025-11-18T16:33:12.636Z"}
{"level":"info","message":"GET /api/location-types 200 89.454 ms","timestamp":"2025-11-18T16:33:12.637Z"}
{"duration":4,"level":"info","message":"db-query","rows":8,"text":"\n    SELECT \n      z.id,\n      z.name,\n      z.secondary_name,\n      z.type,\n      z.category,\n      z.vertices,\n      z.base,\n      z.overlay,\n      z.created_at,\n      z.updated_at\n    FROM zones z\n    \n    ORDER BY z.id ASC\n    LIMIT $1 OFFSET $2;\n  ","timestamp":"2025-11-18T16:33:12.639Z"}
{"level":"info","message":"GET /api/zones/get 200 91.939 ms","timestamp":"2025-11-18T16:33:12.641Z"}
{"level":"info","message":"GET /api/locationtype/zone 304 104.970 ms","timestamp":"2025-11-18T16:33:12.643Z"}
{"duration":46,"level":"info","message":"db-query","rows":1,"text":"\n    SELECT COUNT(*) AS total\n    FROM zones z\n    ;\n  ","timestamp":"2025-11-18T16:33:32.599Z"}
{"duration":1,"level":"info","message":"db-query","rows":8,"text":"\n    SELECT \n      z.id,\n      z.name,\n      z.secondary_name,\n      z.type,\n      z.category,\n      z.vertices,\n      z.base,\n      z.overlay,\n      z.created_at,\n      z.updated_at\n    FROM zones z\n    \n    ORDER BY z.id ASC\n    LIMIT $1 OFFSET $2;\n  ","timestamp":"2025-11-18T16:33:32.601Z"}
{"level":"info","message":"GET /api/zones/get 304 49.389 ms","timestamp":"2025-11-18T16:33:32.602Z"}
{"duration":8,"level":"info","message":"db-query","rows":3,"text":"SELECT id,\n                TO_CHAR(from_date, 'DD-MM-YYYY') AS from_date,\n                TO_CHAR(to_date, 'DD-MM-YYYY') AS to_date,\n                surcharges_type, condition, postcode, operator, fare, parking_charges,\n                extra_drop_charges, congestion_charges, duration,from_time, to_time, active, day, created_at, updated_at FROM surcharges ORDER BY id ASC;","timestamp":"2025-11-18T16:33:35.916Z"}
{"level":"info","message":"GET /api/surcharges/get 304 10.615 ms","timestamp":"2025-11-18T16:33:35.919Z"}
{"duration":55,"level":"info","message":"db-query","rows":1,"text":"\n    SELECT COUNT(*) AS total\n    FROM zones z\n    ;\n  ","timestamp":"2025-11-18T16:34:05.153Z"}
{"duration":1,"level":"info","message":"db-query","rows":8,"text":"\n    SELECT \n      z.id,\n      z.name,\n      z.secondary_name,\n      z.type,\n      z.category,\n      z.vertices,\n      z.base,\n      z.overlay,\n      z.created_at,\n      z.updated_at\n    FROM zones z\n    \n    ORDER BY z.id ASC\n    LIMIT $1 OFFSET $2;\n  ","timestamp":"2025-11-18T16:34:05.155Z"}
{"level":"info","message":"GET /api/zones/get 304 58.133 ms","timestamp":"2025-11-18T16:34:05.157Z"}
{"duration":64,"level":"info","message":"db-query","rows":26,"text":"SELECT * FROM location_types","timestamp":"2025-11-18T16:34:05.165Z"}
{"level":"info","message":"GET /api/location-types 200 64.292 ms","timestamp":"2025-11-18T16:34:05.166Z"}
{"duration":69,"level":"info","message":"db-query","rows":1,"text":"\n    SELECT COUNT(*) AS total\n    FROM zones z\n    ;\n  ","timestamp":"2025-11-18T16:34:05.171Z"}
{"duration":1,"level":"info","message":"db-query","rows":8,"text":"\n    SELECT \n      z.id,\n      z.name,\n      z.secondary_name,\n      z.type,\n      z.category,\n      z.vertices,\n      z.base,\n      z.overlay,\n      z.created_at,\n      z.updated_at\n    FROM zones z\n    \n    ORDER BY z.id ASC\n    LIMIT $1 OFFSET $2;\n  ","timestamp":"2025-11-18T16:34:05.174Z"}
{"level":"info","message":"GET /api/zones/get 200 72.589 ms","timestamp":"2025-11-18T16:34:05.175Z"}
{"level":"info","message":"GET /api/locationtype/zone 304 77.147 ms","timestamp":"2025-11-18T16:34:05.176Z"}
{"duration":1,"level":"info","message":"db-query","rows":1,"text":"\n    SELECT COUNT(*) AS total\n    FROM zones z\n    ;\n  ","timestamp":"2025-11-18T16:34:10.900Z"}
{"duration":1,"level":"info","message":"db-query","rows":8,"text":"\n    SELECT \n      z.id,\n      z.name,\n      z.secondary_name,\n      z.type,\n      z.category,\n      z.vertices,\n      z.base,\n      z.overlay,\n      z.created_at,\n      z.updated_at\n    FROM zones z\n    \n    ORDER BY z.id ASC\n    LIMIT $1 OFFSET $2;\n  ","timestamp":"2025-11-18T16:34:10.902Z"}
{"level":"info","message":"GET /api/zones/get 304 5.655 ms","timestamp":"2025-11-18T16:34:10.905Z"}
{"duration":3,"level":"info","message":"db-query","rows":3,"text":"SELECT id,\n                TO_CHAR(from_date, 'DD-MM-YYYY') AS from_date,\n                TO_CHAR(to_date, 'DD-MM-YYYY') AS to_date,\n                surcharges_type, condition, postcode, operator, fare, parking_charges,\n                extra_drop_charges, congestion_charges, duration,from_time, to_time, active, day, created_at, updated_at FROM surcharges ORDER BY id ASC;","timestamp":"2025-11-18T16:34:17.557Z"}
{"level":"info","message":"GET /api/surcharges/get 304 6.963 ms","timestamp":"2025-11-18T16:34:17.561Z"}
{"duration":61,"level":"info","message":"db-query","rows":1,"text":"\n    SELECT COUNT(*) AS total\n    FROM zones z\n    ;\n  ","timestamp":"2025-11-18T16:36:51.689Z"}
{"duration":2,"level":"info","message":"db-query","rows":8,"text":"\n    SELECT \n      z.id,\n      z.name,\n      z.secondary_name,\n      z.type,\n      z.category,\n      z.vertices,\n      z.base,\n      z.overlay,\n      z.created_at,\n      z.updated_at\n    FROM zones z\n    \n    ORDER BY z.id ASC\n    LIMIT $1 OFFSET $2;\n  ","timestamp":"2025-11-18T16:36:51.691Z"}
{"level":"info","message":"GET /api/zones/get 304 65.931 ms","timestamp":"2025-11-18T16:36:51.695Z"}
{"duration":64,"level":"info","message":"db-query","rows":26,"text":"SELECT * FROM location_types","timestamp":"2025-11-18T16:36:51.696Z"}
{"level":"info","message":"GET /api/location-types 200 64.913 ms","timestamp":"2025-11-18T16:36:51.697Z"}
{"duration":80,"level":"info","message":"db-query","rows":1,"text":"\n    SELECT COUNT(*) AS total\n    FROM zones z\n    ;\n  ","timestamp":"2025-11-18T16:36:51.712Z"}
{"duration":2,"level":"info","message":"db-query","rows":8,"text":"\n    SELECT \n      z.id,\n      z.name,\n      z.secondary_name,\n      z.type,\n      z.category,\n      z.vertices,\n      z.base,\n      z.overlay,\n      z.created_at,\n      z.updated_at\n    FROM zones z\n    \n    ORDER BY z.id ASC\n    LIMIT $1 OFFSET $2;\n  ","timestamp":"2025-11-18T16:36:51.714Z"}
{"level":"info","message":"GET /api/zones/get 200 84.018 ms","timestamp":"2025-11-18T16:36:51.717Z"}
{"level":"info","message":"GET /api/locationtype/zone 304 88.996 ms","timestamp":"2025-11-18T16:36:51.718Z"}
{"duration":71,"level":"info","message":"db-query","rows":1,"text":"\n    SELECT COUNT(*) AS total\n    FROM zones z\n    ;\n  ","timestamp":"2025-11-18T16:37:17.827Z"}
{"duration":1,"level":"info","message":"db-query","rows":8,"text":"\n    SELECT \n      z.id,\n      z.name,\n      z.secondary_name,\n      z.type,\n      z.category,\n      z.vertices,\n      z.base,\n      z.overlay,\n      z.created_at,\n      z.updated_at\n    FROM zones z\n    \n    ORDER BY z.id ASC\n    LIMIT $1 OFFSET $2;\n  ","timestamp":"2025-11-18T16:37:17.829Z"}
{"level":"info","message":"GET /api/zones/get 304 74.635 ms","timestamp":"2025-11-18T16:37:17.831Z"}
{"duration":4,"level":"info","message":"db-query","rows":3,"text":"SELECT id,\n                TO_CHAR(from_date, 'DD-MM-YYYY') AS from_date,\n                TO_CHAR(to_date, 'DD-MM-YYYY') AS to_date,\n                surcharges_type, condition, postcode, operator, fare, parking_charges,\n                extra_drop_charges, congestion_charges, duration,from_time, to_time, active, day, created_at, updated_at FROM surcharges ORDER BY id ASC;","timestamp":"2025-11-18T16:37:21.466Z"}
{"level":"info","message":"GET /api/surcharges/get 304 5.933 ms","timestamp":"2025-11-18T16:37:21.468Z"}
{"duration":59,"level":"info","message":"db-query","rows":26,"text":"SELECT * FROM location_types","timestamp":"2025-11-18T16:56:16.647Z"}
{"level":"info","message":"GET /api/location-types 200 61.684 ms","timestamp":"2025-11-18T16:56:16.650Z"}
{"duration":87,"level":"info","message":"db-query","rows":1,"text":"\n    SELECT COUNT(*) AS total\n    FROM zones z\n    ;\n  ","timestamp":"2025-11-18T16:58:56.796Z"}
{"duration":2,"level":"info","message":"db-query","rows":8,"text":"\n    SELECT \n      z.id,\n      z.name,\n      z.secondary_name,\n      z.type,\n      z.category,\n      z.vertices,\n      z.base,\n      z.overlay,\n      z.created_at,\n      z.updated_at\n    FROM zones z\n    \n    ORDER BY z.id ASC\n    LIMIT $1 OFFSET $2;\n  ","timestamp":"2025-11-18T16:58:56.798Z"}
{"level":"info","message":"GET /api/zones/get 304 90.762 ms","timestamp":"2025-11-18T16:58:56.800Z"}
{"duration":69,"level":"info","message":"db-query","rows":26,"text":"SELECT * FROM location_types","timestamp":"2025-11-18T17:10:54.217Z"}
{"level":"info","message":"GET /api/location-types 200 70.748 ms","timestamp":"2025-11-18T17:10:54.219Z"}
{"duration":71,"level":"info","message":"db-query","rows":1,"text":"\n    SELECT COUNT(*) AS total\n    FROM zones z\n    ;\n  ","timestamp":"2025-11-18T17:10:54.220Z"}
{"duration":1,"level":"info","message":"db-query","rows":8,"text":"\n    SELECT \n      z.id,\n      z.name,\n      z.secondary_name,\n      z.type,\n      z.category,\n      z.vertices,\n      z.base,\n      z.overlay,\n      z.created_at,\n      z.updated_at\n    FROM zones z\n    \n    ORDER BY z.id ASC\n    LIMIT $1 OFFSET $2;\n  ","timestamp":"2025-11-18T17:10:54.223Z"}
{"level":"info","message":"GET /api/zones/get 200 75.800 ms","timestamp":"2025-11-18T17:10:54.225Z"}
{"level":"info","message":"GET /api/locationtype/zone 200 82.934 ms","timestamp":"2025-11-18T17:10:54.227Z"}
{"duration":100,"level":"info","message":"db-query","rows":1,"text":"\n    SELECT COUNT(*) AS total\n    FROM zones z\n    ;\n  ","timestamp":"2025-11-18T17:10:54.243Z"}
{"duration":2,"level":"info","message":"db-query","rows":8,"text":"\n    SELECT \n      z.id,\n      z.name,\n      z.secondary_name,\n      z.type,\n      z.category,\n      z.vertices,\n      z.base,\n      z.overlay,\n      z.created_at,\n      z.updated_at\n    FROM zones z\n    \n    ORDER BY z.id ASC\n    LIMIT $1 OFFSET $2;\n  ","timestamp":"2025-11-18T17:10:54.250Z"}
{"level":"info","message":"GET /api/zones/get 200 109.057 ms","timestamp":"2025-11-18T17:10:54.253Z"}
{"duration":58,"level":"info","message":"db-query","rows":1,"text":"\n    SELECT COUNT(*) AS total\n    FROM zones z\n    ;\n  ","timestamp":"2025-11-18T17:11:04.880Z"}
{"duration":2,"level":"info","message":"db-query","rows":8,"text":"\n    SELECT \n      z.id,\n      z.name,\n      z.secondary_name,\n      z.type,\n      z.category,\n      z.vertices,\n      z.base,\n      z.overlay,\n      z.created_at,\n      z.updated_at\n    FROM zones z\n    \n    ORDER BY z.id ASC\n    LIMIT $1 OFFSET $2;\n  ","timestamp":"2025-11-18T17:11:04.883Z"}
{"level":"info","message":"GET /api/zones/get 304 61.658 ms","timestamp":"2025-11-18T17:11:04.884Z"}
{"duration":4,"level":"info","message":"db-query","rows":3,"text":"SELECT id,\n                TO_CHAR(from_date, 'DD-MM-YYYY') AS from_date,\n                TO_CHAR(to_date, 'DD-MM-YYYY') AS to_date,\n                surcharges_type, condition, postcode, operator, fare, parking_charges,\n                extra_drop_charges, congestion_charges, duration,from_time, to_time, active, day, created_at, updated_at FROM surcharges ORDER BY id ASC;","timestamp":"2025-11-18T17:11:11.042Z"}
{"level":"info","message":"GET /api/surcharges/get 200 5.541 ms","timestamp":"2025-11-18T17:11:11.044Z"}
{"duration":4,"level":"info","message":"db-query","rows":5,"text":"\n    SELECT id,\n           TO_CHAR(start_date, 'DD-MM-YYYY') AS start_date,\n           TO_CHAR(end_date, 'DD-MM-YYYY') AS end_date,\n           operator,\n           amount,\n           fix_fare,\n           mileage\n    FROM fare_increments\n    ORDER BY id DESC;\n  ","timestamp":"2025-11-18T17:11:14.500Z"}
{"level":"info","message":"GET /api/fareincrement/get 200 4.868 ms","timestamp":"2025-11-18T17:11:14.501Z"}
{"duration":1,"level":"info","message":"db-query","rows":3,"text":"SELECT id,\n                TO_CHAR(from_date, 'DD-MM-YYYY') AS from_date,\n                TO_CHAR(to_date, 'DD-MM-YYYY') AS to_date,\n                surcharges_type, condition, postcode, operator, fare, parking_charges,\n                extra_drop_charges, congestion_charges, duration,from_time, to_time, active, day, created_at, updated_at FROM surcharges ORDER BY id ASC;","timestamp":"2025-11-18T17:11:19.089Z"}
{"level":"info","message":"GET /api/surcharges/get 304 1.673 ms","timestamp":"2025-11-18T17:11:19.090Z"}
{"duration":1,"level":"info","message":"db-query","rows":5,"text":"\n    SELECT id,\n           TO_CHAR(start_date, 'DD-MM-YYYY') AS start_date,\n           TO_CHAR(end_date, 'DD-MM-YYYY') AS end_date,\n           operator,\n           amount,\n           fix_fare,\n           mileage\n    FROM fare_increments\n    ORDER BY id DESC;\n  ","timestamp":"2025-11-18T17:11:20.197Z"}
{"level":"info","message":"GET /api/fareincrement/get 304 2.962 ms","timestamp":"2025-11-18T17:11:20.199Z"}
{"duration":1,"level":"info","message":"db-query","rows":3,"text":"SELECT id,\n                TO_CHAR(from_date, 'DD-MM-YYYY') AS from_date,\n                TO_CHAR(to_date, 'DD-MM-YYYY') AS to_date,\n                surcharges_type, condition, postcode, operator, fare, parking_charges,\n                extra_drop_charges, congestion_charges, duration,from_time, to_time, active, day, created_at, updated_at FROM surcharges ORDER BY id ASC;","timestamp":"2025-11-18T17:11:24.334Z"}
{"level":"info","message":"GET /api/surcharges/get 304 1.893 ms","timestamp":"2025-11-18T17:11:24.335Z"}
{"duration":95,"level":"info","message":"db-query","rows":3,"text":"SELECT id,\n                TO_CHAR(from_date, 'DD-MM-YYYY') AS from_date,\n                TO_CHAR(to_date, 'DD-MM-YYYY') AS to_date,\n                surcharges_type, condition, postcode, operator, fare, parking_charges,\n                extra_drop_charges, congestion_charges, duration,from_time, to_time, active, day, created_at, updated_at FROM surcharges ORDER BY id ASC;","timestamp":"2025-11-18T17:18:05.617Z"}
{"level":"info","message":"GET /api/surcharges/get 200 95.560 ms","timestamp":"2025-11-18T17:18:05.618Z"}
{"duration":81,"level":"info","message":"db-query","rows":1,"text":"\n    SELECT COUNT(*) AS total\n    FROM zones z\n    ;\n  ","timestamp":"2025-11-18T17:27:58.248Z"}
{"duration":1,"level":"info","message":"db-query","rows":8,"text":"\n    SELECT \n      z.id,\n      z.name,\n      z.secondary_name,\n      z.type,\n      z.category,\n      z.vertices,\n      z.base,\n      z.overlay,\n      z.created_at,\n      z.updated_at\n    FROM zones z\n    \n    ORDER BY z.id ASC\n    LIMIT $1 OFFSET $2;\n  ","timestamp":"2025-11-18T17:27:58.250Z"}
{"level":"info","message":"GET /api/zones/get 304 84.952 ms","timestamp":"2025-11-18T17:27:58.252Z"}
{"duration":89,"level":"info","message":"db-query","rows":26,"text":"SELECT * FROM location_types","timestamp":"2025-11-18T17:27:58.259Z"}
{"level":"info","message":"GET /api/location-types 200 90.018 ms","timestamp":"2025-11-18T17:27:58.260Z"}
{"duration":93,"level":"info","message":"db-query","rows":1,"text":"\n    SELECT COUNT(*) AS total\n    FROM zones z\n    ;\n  ","timestamp":"2025-11-18T17:27:58.265Z"}
{"duration":4,"level":"info","message":"db-query","rows":8,"text":"\n    SELECT \n      z.id,\n      z.name,\n      z.secondary_name,\n      z.type,\n      z.category,\n      z.vertices,\n      z.base,\n      z.overlay,\n      z.created_at,\n      z.updated_at\n    FROM zones z\n    \n    ORDER BY z.id ASC\n    LIMIT $1 OFFSET $2;\n  ","timestamp":"2025-11-18T17:27:58.269Z"}
{"level":"info","message":"GET /api/zones/get 200 97.435 ms","timestamp":"2025-11-18T17:27:58.270Z"}
{"level":"info","message":"GET /api/locationtype/zone 304 113.270 ms","timestamp":"2025-11-18T17:27:58.272Z"}
{"duration":55,"level":"info","message":"db-query","rows":1,"text":"\n    SELECT COUNT(*) AS total\n    FROM zones z\n    ;\n  ","timestamp":"2025-11-18T17:28:42.188Z"}
{"duration":2,"level":"info","message":"db-query","rows":8,"text":"\n    SELECT \n      z.id,\n      z.name,\n      z.secondary_name,\n      z.type,\n      z.category,\n      z.vertices,\n      z.base,\n      z.overlay,\n      z.created_at,\n      z.updated_at\n    FROM zones z\n    \n    ORDER BY z.id ASC\n    LIMIT $1 OFFSET $2;\n  ","timestamp":"2025-11-18T17:28:42.191Z"}
{"level":"info","message":"GET /api/zones/get 304 58.776 ms","timestamp":"2025-11-18T17:28:42.192Z"}
{"duration":3,"level":"info","message":"db-query","rows":3,"text":"SELECT id,\n                TO_CHAR(from_date, 'DD-MM-YYYY') AS from_date,\n                TO_CHAR(to_date, 'DD-MM-YYYY') AS to_date,\n                surcharges_type, condition, postcode, operator, fare, parking_charges,\n                extra_drop_charges, congestion_charges, duration,from_time, to_time, active, day, created_at, updated_at FROM surcharges ORDER BY id ASC;","timestamp":"2025-11-18T17:28:46.984Z"}
{"level":"info","message":"GET /api/surcharges/get 304 3.572 ms","timestamp":"2025-11-18T17:28:46.985Z"}
{"duration":74,"level":"info","message":"db-query","rows":1,"text":"\n      INSERT INTO surcharges (\n        surcharges_type, condition, postcode, operator, fare, parking_charges,\n        extra_drop_charges, congestion_charges, duration, from_date, from_time,\n        to_date, to_time, active, day\n      )\n      VALUES ($1,$2,$3,$4,$5,$6,$7,$8,$9,$10,$11,$12,$13,$14,$15)\n      RETURNING id,\n                TO_CHAR(from_date, 'DD-MM-YYYY') AS from_date,\n                TO_CHAR(to_date, 'DD-MM-YYYY') AS to_date,\n                surcharges_type, condition, postcode, operator, fare, parking_charges,\n                extra_drop_charges, congestion_charges, duration,from_time, to_time, active, day;\n    ","timestamp":"2025-11-18T17:55:31.455Z"}
{"level":"info","message":"POST /api/surcharges/add 200 75.234 ms","timestamp":"2025-11-18T17:55:31.456Z"}
{"duration":48,"level":"info","message":"db-query","rows":26,"text":"SELECT * FROM location_types","timestamp":"2025-11-18T17:56:16.648Z"}
{"level":"info","message":"GET /api/location-types 200 49.617 ms","timestamp":"2025-11-18T17:56:16.650Z"}
{"duration":89,"level":"info","message":"db-query","rows":1,"text":"\n    SELECT COUNT(*) AS total\n    FROM zones z\n    ;\n  ","timestamp":"2025-11-18T17:58:11.297Z"}
{"duration":1,"level":"info","message":"db-query","rows":8,"text":"\n    SELECT \n      z.id,\n      z.name,\n      z.secondary_name,\n      z.type,\n      z.category,\n      z.vertices,\n      z.base,\n      z.overlay,\n      z.created_at,\n      z.updated_at\n    FROM zones z\n    \n    ORDER BY z.id ASC\n    LIMIT $1 OFFSET $2;\n  ","timestamp":"2025-11-18T17:58:11.299Z"}
{"level":"info","message":"GET /api/zones/get 304 92.794 ms","timestamp":"2025-11-18T17:58:11.301Z"}
{"duration":90,"level":"info","message":"db-query","rows":1,"text":"\n    SELECT COUNT(*) AS total\n    FROM zones z\n    ;\n  ","timestamp":"2025-11-18T17:58:11.309Z"}
{"duration":1,"level":"info","message":"db-query","rows":8,"text":"\n    SELECT \n      z.id,\n      z.name,\n      z.secondary_name,\n      z.type,\n      z.category,\n      z.vertices,\n      z.base,\n      z.overlay,\n      z.created_at,\n      z.updated_at\n    FROM zones z\n    \n    ORDER BY z.id ASC\n    LIMIT $1 OFFSET $2;\n  ","timestamp":"2025-11-18T17:58:11.311Z"}
{"level":"info","message":"GET /api/zones/get 200 93.459 ms","timestamp":"2025-11-18T17:58:11.313Z"}
{"duration":100,"level":"info","message":"db-query","rows":26,"text":"SELECT * FROM location_types","timestamp":"2025-11-18T17:58:11.317Z"}
{"level":"info","message":"GET /api/location-types 200 100.476 ms","timestamp":"2025-11-18T17:58:11.318Z"}
{"level":"info","message":"GET /api/locationtype/zone 304 109.698 ms","timestamp":"2025-11-18T17:58:11.319Z"}
{"duration":47,"level":"info","message":"db-query","rows":1,"text":"\n    SELECT COUNT(*) AS total\n    FROM zones z\n    ;\n  ","timestamp":"2025-11-18T17:58:36.850Z"}
{"duration":1,"level":"info","message":"db-query","rows":8,"text":"\n    SELECT \n      z.id,\n      z.name,\n      z.secondary_name,\n      z.type,\n      z.category,\n      z.vertices,\n      z.base,\n      z.overlay,\n      z.created_at,\n      z.updated_at\n    FROM zones z\n    \n    ORDER BY z.id ASC\n    LIMIT $1 OFFSET $2;\n  ","timestamp":"2025-11-18T17:58:36.852Z"}
{"level":"info","message":"GET /api/zones/get 304 50.234 ms","timestamp":"2025-11-18T17:58:36.853Z"}
{"duration":7,"level":"info","message":"db-query","rows":4,"text":"SELECT id,\n                TO_CHAR(from_date, 'DD-MM-YYYY') AS from_date,\n                TO_CHAR(to_date, 'DD-MM-YYYY') AS to_date,\n                surcharges_type, condition, postcode, operator, fare, parking_charges,\n                extra_drop_charges, congestion_charges, duration,from_time, to_time, active, day, created_at, updated_at FROM surcharges ORDER BY id ASC;","timestamp":"2025-11-18T17:58:41.373Z"}
{"level":"info","message":"GET /api/surcharges/get 200 9.194 ms","timestamp":"2025-11-18T17:58:41.376Z"}
{"level":"info","message":"POST /api/surcharges/add 500 61.634 ms","timestamp":"2025-11-18T17:59:26.996Z"}
{"duration":52,"level":"info","message":"db-query","rows":1,"text":"\n      INSERT INTO surcharges (\n        surcharges_type, condition, postcode, operator, fare, parking_charges,\n        extra_drop_charges, congestion_charges, duration, from_date, from_time,\n        to_date, to_time, active, day\n      )\n      VALUES ($1,$2,$3,$4,$5,$6,$7,$8,$9,$10,$11,$12,$13,$14,$15)\n      RETURNING id,\n                TO_CHAR(from_date, 'DD-MM-YYYY') AS from_date,\n                TO_CHAR(to_date, 'DD-MM-YYYY') AS to_date,\n                surcharges_type, condition, postcode, operator, fare, parking_charges,\n                extra_drop_charges, congestion_charges, duration,from_time, to_time, active, day;\n    ","timestamp":"2025-11-18T18:04:12.225Z"}
{"level":"info","message":"POST /api/surcharges/add 200 53.246 ms","timestamp":"2025-11-18T18:04:12.226Z"}
{"duration":54,"level":"info","message":"db-query","rows":5,"text":"SELECT id,\n                TO_CHAR(from_date, 'DD-MM-YYYY') AS from_date,\n                TO_CHAR(to_date, 'DD-MM-YYYY') AS to_date,\n                surcharges_type, condition, postcode, operator, fare, parking_charges,\n                extra_drop_charges, congestion_charges, duration,from_time, to_time, active, day, created_at, updated_at FROM surcharges ORDER BY id ASC;","timestamp":"2025-11-18T18:04:25.780Z"}
{"level":"info","message":"GET /api/surcharges/get 200 54.823 ms","timestamp":"2025-11-18T18:04:25.781Z"}
{"duration":6,"level":"info","message":"db-query","rows":1,"text":"\n    SELECT COUNT(*) AS total\n    FROM zones z\n    ;\n  ","timestamp":"2025-11-18T18:04:31.578Z"}
{"duration":6,"level":"info","message":"db-query","rows":8,"text":"\n    SELECT \n      z.id,\n      z.name,\n      z.secondary_name,\n      z.type,\n      z.category,\n      z.vertices,\n      z.base,\n      z.overlay,\n      z.created_at,\n      z.updated_at\n    FROM zones z\n    \n    ORDER BY z.id ASC\n    LIMIT $1 OFFSET $2;\n  ","timestamp":"2025-11-18T18:04:31.585Z"}
{"level":"info","message":"GET /api/zones/get 304 15.894 ms","timestamp":"2025-11-18T18:04:31.588Z"}
{"duration":91,"level":"info","message":"db-query","rows":1,"text":"\n    SELECT COUNT(*) AS total\n    FROM zones z\n    ;\n  ","timestamp":"2025-11-18T18:04:31.675Z"}
{"duration":2,"level":"info","message":"db-query","rows":8,"text":"\n    SELECT \n      z.id,\n      z.name,\n      z.secondary_name,\n      z.type,\n      z.category,\n      z.vertices,\n      z.base,\n      z.overlay,\n      z.created_at,\n      z.updated_at\n    FROM zones z\n    \n    ORDER BY z.id ASC\n    LIMIT $1 OFFSET $2;\n  ","timestamp":"2025-11-18T18:04:31.677Z"}
{"level":"info","message":"GET /api/zones/get 200 93.888 ms","timestamp":"2025-11-18T18:04:31.678Z"}
{"duration":96,"level":"info","message":"db-query","rows":26,"text":"SELECT * FROM location_types","timestamp":"2025-11-18T18:04:31.678Z"}
{"level":"info","message":"GET /api/location-types 200 96.877 ms","timestamp":"2025-11-18T18:04:31.679Z"}
{"level":"info","message":"GET /api/locationtype/zone 304 107.882 ms","timestamp":"2025-11-18T18:04:31.681Z"}
{"duration":82,"level":"info","message":"db-query","rows":1,"text":"\n    SELECT COUNT(*) AS total\n    FROM zones z\n    ;\n  ","timestamp":"2025-11-18T18:05:36.878Z"}
{"duration":1,"level":"info","message":"db-query","rows":8,"text":"\n    SELECT \n      z.id,\n      z.name,\n      z.secondary_name,\n      z.type,\n      z.category,\n      z.vertices,\n      z.base,\n      z.overlay,\n      z.created_at,\n      z.updated_at\n    FROM zones z\n    \n    ORDER BY z.id ASC\n    LIMIT $1 OFFSET $2;\n  ","timestamp":"2025-11-18T18:05:36.880Z"}
{"level":"info","message":"GET /api/zones/get 304 85.392 ms","timestamp":"2025-11-18T18:05:36.881Z"}
{"duration":82,"level":"info","message":"db-query","rows":5,"text":"SELECT id,\n                TO_CHAR(from_date, 'DD-MM-YYYY') AS from_date,\n                TO_CHAR(to_date, 'DD-MM-YYYY') AS to_date,\n                surcharges_type, condition, postcode, operator, fare, parking_charges,\n                extra_drop_charges, congestion_charges, duration,from_time, to_time, active, day, created_at, updated_at FROM surcharges ORDER BY id ASC;","timestamp":"2025-11-18T18:06:50.502Z"}
{"level":"info","message":"GET /api/surcharges/get 200 83.277 ms","timestamp":"2025-11-18T18:06:50.503Z"}
{"duration":65,"level":"info","message":"db-query","rows":1,"text":"\n    SELECT COUNT(*) AS total\n    FROM zones z\n    ;\n  ","timestamp":"2025-11-18T18:08:33.191Z"}
{"duration":2,"level":"info","message":"db-query","rows":8,"text":"\n    SELECT \n      z.id,\n      z.name,\n      z.secondary_name,\n      z.type,\n      z.category,\n      z.vertices,\n      z.base,\n      z.overlay,\n      z.created_at,\n      z.updated_at\n    FROM zones z\n    \n    ORDER BY z.id ASC\n    LIMIT $1 OFFSET $2;\n  ","timestamp":"2025-11-18T18:08:33.193Z"}
{"level":"info","message":"GET /api/zones/get 304 67.442 ms","timestamp":"2025-11-18T18:08:33.194Z"}
{"duration":1,"level":"info","message":"db-query","rows":1,"text":"\n    SELECT COUNT(*) AS total\n    FROM zones z\n    ;\n  ","timestamp":"2025-11-18T18:08:33.197Z"}
{"duration":1,"level":"info","message":"db-query","rows":8,"text":"\n    SELECT \n      z.id,\n      z.name,\n      z.secondary_name,\n      z.type,\n      z.category,\n      z.vertices,\n      z.base,\n      z.overlay,\n      z.created_at,\n      z.updated_at\n    FROM zones z\n    \n    ORDER BY z.id ASC\n    LIMIT $1 OFFSET $2;\n  ","timestamp":"2025-11-18T18:08:33.198Z"}
{"level":"info","message":"GET /api/zones/get 304 3.642 ms","timestamp":"2025-11-18T18:08:33.200Z"}
{"duration":90,"level":"info","message":"db-query","rows":5,"text":"SELECT id,\n                TO_CHAR(from_date, 'DD-MM-YYYY') AS from_date,\n                TO_CHAR(to_date, 'DD-MM-YYYY') AS to_date,\n                surcharges_type, condition, postcode, operator, fare, parking_charges,\n                extra_drop_charges, congestion_charges, duration,from_time, to_time, active, day, created_at, updated_at FROM surcharges ORDER BY id ASC;","timestamp":"2025-11-18T18:08:53.673Z"}
{"level":"info","message":"GET /api/surcharges/get 304 91.185 ms","timestamp":"2025-11-18T18:08:53.675Z"}
{"duration":53,"level":"info","message":"db-query","rows":1,"text":"\n        SELECT * FROM drivers \n        WHERE LOWER(username) = LOWER($1)\n        LIMIT 1\n    ","timestamp":"2025-11-18T18:10:03.610Z"}
{"level":"info","message":"POST /api/drivers/login 400 127.839 ms","timestamp":"2025-11-18T18:10:03.685Z"}
{"duration":77,"level":"info","message":"db-query","rows":1,"text":"\n        SELECT * FROM drivers \n        WHERE LOWER(username) = LOWER($1)\n        LIMIT 1\n    ","timestamp":"2025-11-18T18:10:31.877Z"}
{"level":"info","message":"POST /api/drivers/login 400 150.743 ms","timestamp":"2025-11-18T18:10:31.950Z"}
{"duration":104,"level":"info","message":"db-query","rows":0,"text":"\n        SELECT * FROM drivers \n        WHERE LOWER(username) = LOWER($1)\n        LIMIT 1\n    ","timestamp":"2025-11-18T18:10:47.270Z"}
{"level":"info","message":"POST /api/drivers/login 404 105.786 ms","timestamp":"2025-11-18T18:10:47.271Z"}
{"duration":9,"level":"info","message":"db-query","rows":26,"text":"SELECT * FROM location_types","timestamp":"2025-11-18T18:14:44.008Z"}
{"level":"info","message":"GET /api/location-types 200 17.899 ms","timestamp":"2025-11-18T18:14:44.017Z"}
{"duration":59,"level":"info","message":"db-query","rows":26,"text":"SELECT * FROM location_types","timestamp":"2025-11-18T18:14:44.061Z"}
{"level":"info","message":"GET /api/location-types 200 60.355 ms","timestamp":"2025-11-18T18:14:44.062Z"}
